Log file open, 06/06/20 16:56:51
LogWindows: Failed to load 'aqProf.dll' (GetLastError=126)
LogWindows: File 'aqProf.dll' does not exist
LogWindows: Failed to load 'VSPerf140.dll' (GetLastError=126)
LogWindows: File 'VSPerf140.dll' does not exist
LogWindows: Failed to load 'VtuneApi.dll' (GetLastError=126)
LogWindows: File 'VtuneApi.dll' does not exist
LogWindows: Failed to load 'VtuneApi32e.dll' (GetLastError=126)
LogWindows: File 'VtuneApi32e.dll' does not exist
LogInit: Display: Running engine for game: AleksandraPiasecka
LogPlatformFile: Not using cached read wrapper
LogTaskGraph: Started task graph with 5 named threads and 14 total threads with 3 sets of task threads.
LogStats: Stats thread started at 0.187784
LogD3D11RHI: Loaded GFSDK_Aftermath_Lib.x64.dll
LogICUInternationalization: Display: ICU TimeZone Detection - Raw Offset: +1:00, Platform Override: ''
LogPluginManager: Mounting plugin Paper2D
LogPluginManager: Mounting plugin AISupport
LogPluginManager: Mounting plugin LightPropagationVolume
LogPluginManager: Mounting plugin CLionSourceCodeAccess
LogPluginManager: Mounting plugin CodeLiteSourceCodeAccess
LogPluginManager: Mounting plugin GitSourceControl
LogPluginManager: Mounting plugin KDevelopSourceCodeAccess
LogPluginManager: Mounting plugin NullSourceCodeAccess
LogPluginManager: Mounting plugin PerforceSourceControl
LogPluginManager: Mounting plugin SubversionSourceControl
LogPluginManager: Mounting plugin UObjectPlugin
LogPluginManager: Mounting plugin VisualStudioCodeSourceCodeAccess
LogPluginManager: Mounting plugin VisualStudioSourceCodeAccess
LogPluginManager: Mounting plugin XCodeSourceCodeAccess
LogPluginManager: Mounting plugin AssetManagerEditor
LogPluginManager: Mounting plugin CryptoKeys
LogPluginManager: Mounting plugin DataValidation
LogPluginManager: Mounting plugin FacialAnimation
LogPluginManager: Mounting plugin GameplayTagsEditor
LogPluginManager: Mounting plugin MacGraphicsSwitching
LogPluginManager: Mounting plugin MeshEditor
LogPluginManager: Mounting plugin MobileLauncherProfileWizard
LogPluginManager: Mounting plugin PluginBrowser
LogPluginManager: Mounting plugin SpeedTreeImporter
LogPluginManager: Mounting plugin DatasmithContent
LogPluginManager: Mounting plugin AlembicImporter
LogPluginManager: Mounting plugin AppleImageUtils
LogPluginManager: Mounting plugin AppleVision
LogPluginManager: Mounting plugin BackChannel
LogPluginManager: Mounting plugin CharacterAI
LogPluginManager: Mounting plugin GeometryCache
LogPluginManager: Mounting plugin HTML5Networking
LogPluginManager: Mounting plugin ProxyLODPlugin
LogPluginManager: Mounting plugin MagicLeap
LogPluginManager: Mounting plugin MagicLeapEmulator
LogPluginManager: Mounting plugin MagicLeapMedia
LogPluginManager: Mounting plugin AndroidMedia
LogPluginManager: Mounting plugin AvfMedia
LogPluginManager: Mounting plugin ImgMedia
LogPluginManager: Mounting plugin LinearTimecode
LogPluginManager: Mounting plugin MediaCompositing
LogPluginManager: Mounting plugin MediaPlayerEditor
LogPluginManager: Mounting plugin WmfMedia
LogPluginManager: Mounting plugin TcpMessaging
LogPluginManager: Mounting plugin UdpMessaging
LogPluginManager: Mounting plugin ActorSequence
LogPluginManager: Mounting plugin LevelSequenceEditor
LogPluginManager: Mounting plugin MatineeToLevelSequence
LogPluginManager: Mounting plugin NetcodeUnitTest
LogPluginManager: Mounting plugin NUTUnrealEngine4
LogPluginManager: Mounting plugin OnlineSubsystemGooglePlay
LogPluginManager: Mounting plugin OnlineSubsystemIOS
LogPluginManager: Mounting plugin OnlineSubsystem
LogPluginManager: Mounting plugin OnlineSubsystemNull
LogPluginManager: Mounting plugin OnlineSubsystemUtils
LogPluginManager: Mounting plugin LauncherChunkInstaller
LogPluginManager: Mounting plugin AndroidDeviceProfileSelector
LogPluginManager: Mounting plugin AndroidMoviePlayer
LogPluginManager: Mounting plugin AndroidPermission
LogPluginManager: Mounting plugin AppleMoviePlayer
LogPluginManager: Mounting plugin ArchVisCharacter
LogPluginManager: Mounting plugin AudioCapture
LogPluginManager: Mounting plugin CableComponent
LogPluginManager: Mounting plugin CustomMeshComponent
LogPluginManager: Mounting plugin EditableMesh
LogPluginManager: Mounting plugin ExampleDeviceProfileSelector
LogPluginManager: Mounting plugin GoogleCloudMessaging
LogPluginManager: Mounting plugin ImmediatePhysics
LogPluginManager: Mounting plugin IOSDeviceProfileSelector
LogPluginManager: Mounting plugin LinuxDeviceProfileSelector
LogPluginManager: Mounting plugin LocationServicesBPLibrary
LogPluginManager: Mounting plugin MobilePatchingUtils
LogPluginManager: Mounting plugin OculusVR
LogPluginManager: Plugin shader directory ../../../Engine/Plugins/Runtime/Oculus/OculusVR/Shaders found
LogPluginManager: Mapping shader source directory ../../../Engine/Plugins/Runtime/Oculus/OculusVR/Shaders to virtual directory /Plugin/OculusVR
LogPluginManager: Mounting plugin PhysXVehicles
LogPluginManager: Mounting plugin ProceduralMeshComponent
LogPluginManager: Mounting plugin RuntimePhysXCooking
LogPluginManager: Mounting plugin SteamVR
LogPluginManager: Mounting plugin WindowsMoviePlayer
LogStreaming: Display: Took  0.154s to configure plugins.
LogInit: Using libcurl 7.55.1-DEV
LogInit:  - built for x86_64-pc-win32
LogInit:  - supports SSL with OpenSSL/1.0.2h
LogInit:  - supports HTTP deflate (compression) using libz 1.2.8
LogInit:  - other features:
LogInit:      CURL_VERSION_SSL
LogInit:      CURL_VERSION_LIBZ
LogInit:      CURL_VERSION_IPV6
LogInit:      CURL_VERSION_ASYNCHDNS
LogInit:      CURL_VERSION_LARGEFILE
LogInit:      CURL_VERSION_IDN
LogInit:  CurlRequestOptions (configurable via config and command line):
LogInit:  - bVerifyPeer = false  - Libcurl will NOT verify peer certificate
LogInit:  - bUseHttpProxy = false  - Libcurl will NOT use HTTP proxy
LogInit:  - bDontReuseConnections = false  - Libcurl will reuse connections
LogInit:  - CertBundlePath = nullptr  - Libcurl will use whatever was configured at build time.
LogInit:  - MaxHostConnections = 16  - Libcurl will limit the number of connections to a host
LogInit:  - LocalHostAddr = Default
LogInit:  - BufferSize = 65536
LogInit: WinSock: version 1.1 (2.2), MaxSocks=32767, MaxUdp=65467
LogInit: Build: ++UE4+Release-4.20-CL-4369336
LogInit: Engine Version: 4.20.3-4369336+++UE4+Release-4.20
LogInit: Compatible Engine Version: 4.20.0-4212847+++UE4+Release-4.20
LogInit: Net CL: 4212847
LogInit: OS: Windows 10 (), CPU: Intel(R) Core(TM) i5-7300HQ CPU @ 2.50GHz, GPU: Intel(R) HD Graphics 630
LogInit: Compiled (64-bit): Sep 17 2018 12:26:19
LogInit: Compiled with Visual C++: 19.13.26129.00
LogInit: Build Configuration: Development
LogInit: Branch Name: ++UE4+Release-4.20
LogInit: Command Line:  
LogInit: Base Directory: E:/Program Files/UE_4.20/Engine/Binaries/Win64/
LogInit: Installed Engine Build: 1
LogDevObjectVersion: Number of dev versions registered: 20
LogDevObjectVersion:   Dev-Blueprints (B0D832E4-1F89-4F0D-ACCF-7EB736FD4AA2): 10
LogDevObjectVersion:   Dev-Build (E1C64328-A22C-4D53-A36C-8E866417BD8C): 0
LogDevObjectVersion:   Dev-Core (375EC13C-06E4-48FB-B500-84F0262A717E): 2
LogDevObjectVersion:   Dev-Editor (E4B068ED-F494-42E9-A231-DA0B2E46BB41): 24
LogDevObjectVersion:   Dev-Framework (CFFC743F-43B0-4480-9391-14DF171D2073): 34
LogDevObjectVersion:   Dev-Mobile (B02B49B5-BB20-44E9-A304-32B752E40360): 2
LogDevObjectVersion:   Dev-Networking (A4E4105C-59A1-49B5-A7C5-40C4547EDFEE): 0
LogDevObjectVersion:   Dev-Online (39C831C9-5AE6-47DC-9A44-9C173E1C8E7C): 0
LogDevObjectVersion:   Dev-Physics (78F01B33-EBEA-4F98-B9B4-84EACCB95AA2): 0
LogDevObjectVersion:   Dev-Platform (6631380F-2D4D-43E0-8009-CF276956A95A): 0
LogDevObjectVersion:   Dev-Rendering (12F88B9F-8875-4AFC-A67C-D90C383ABD29): 26
LogDevObjectVersion:   Dev-Sequencer (7B5AE74C-D270-4C10-A958-57980B212A5A): 9
LogDevObjectVersion:   Dev-VR (D7296918-1DD6-4BDD-9DE2-64A83CC13884): 2
LogDevObjectVersion:   Dev-LoadTimes (C2A15278-BFE7-4AFE-6C17-90FF531DF755): 1
LogDevObjectVersion:   Private-Geometry (6EACA3D4-40EC-4CC1-B786-8BED09428FC5): 3
LogDevObjectVersion:   Dev-AnimPhys (29E575DD-E0A3-4627-9D10-D276232CDCEA): 17
LogDevObjectVersion:   Dev-ReflectionCapture (6B266CEC-1EC7-4B8F-A30B-E4D90942FC07): 1
LogDevObjectVersion:   Dev-Automation (0DF73D61-A23F-47EA-B727-89E90C41499A): 1
LogDevObjectVersion:   FortniteMain (601D1886-AC64-4F84-AA16-D3DE0DEAC7D6): 12
LogDevObjectVersion:   Dev-Enterprise (9DFFBCD6-494F-0158-E221-12823C92A888): 1
LogStreaming: Display: Took  0.001s to delete old logs.
LogInit: Presizing for max 8388607 objects, including 0 objects not considered by GC, pre-allocating 0 bytes for permanent pool.
LogInit: Object subsystem initialized
[2020.06.06-14.56.52:369][  0]LogInit: Selected Device Profile: [Windows]
[2020.06.06-14.56.52:369][  0]LogInit: Applying CVar settings loaded from the selected device profile: [Windows]
[2020.06.06-14.56.52:402][  0]LogHAL: Display: Platform has ~ 16 GB [17066790912 / 17179869184 / 16], which maps to Larger [LargestMinGB=32, LargerMinGB=12, DefaultMinGB=8, SmallerMinGB=6, SmallestMinGB=0)
[2020.06.06-14.56.52:402][  0]LogInit: Setting Device Profile CVar: [[r.Vulkan.UseRealUBs:1]]
[2020.06.06-14.56.52:402][  0]LogInit: Going up to parent DeviceProfile []
[2020.06.06-14.56.52:404][  0]LogInit: Computer: LAPTOP-2E2LEE5I
[2020.06.06-14.56.52:404][  0]LogInit: User: Aleks
[2020.06.06-14.56.52:404][  0]LogInit: CPU Page size=4096, Cores=4
[2020.06.06-14.56.52:404][  0]LogInit: High frequency timer resolution =10.000000 MHz
[2020.06.06-14.56.52:405][  0]LogMemory: Memory total: Physical=15.9GB (16GB approx)
[2020.06.06-14.56.52:405][  0]LogMemory: Platform Memory Stats for Windows
[2020.06.06-14.56.52:405][  0]LogMemory: Process Physical Memory: 99.80 MB used, 99.81 MB peak
[2020.06.06-14.56.52:405][  0]LogMemory: Process Virtual Memory: 90.14 MB used, 90.14 MB peak
[2020.06.06-14.56.52:405][  0]LogMemory: Physical Memory: 10374.48 MB used,  5901.68 MB free, 16276.16 MB total
[2020.06.06-14.56.52:405][  0]LogMemory: Virtual Memory: 4614.55 MB used,  5901.68 MB free, 134217728.00 MB total
[2020.06.06-14.56.52:774][  0]LogInit: Using OS detected language (pl-PL).
[2020.06.06-14.56.52:774][  0]LogInit: Using OS detected locale (pl-PL).
[2020.06.06-14.56.52:774][  0]LogTextLocalizationManager: No specific localization for 'pl-PL' exists, so the 'pl' localization will be used.
[2020.06.06-14.56.52:787][  0]LogStreaming: Display: Took  0.014s to InitEngineTextLocalization.
[2020.06.06-14.56.52:787][  0]LogInit: Setting process to per monitor DPI aware
[2020.06.06-14.56.52:864][  0]LogSlate: New Slate User Created.  User Index 0, Is Virtual User: 0
[2020.06.06-14.56.52:864][  0]LogSlate: Slate User Registered.  User Index 0, Is Virtual User: 0
[2020.06.06-14.56.53:693][  0]LogHMD: Failed to initialize OpenVR with code 110
[2020.06.06-14.56.53:693][  0]LogD3D11RHI: D3D11 adapters:
[2020.06.06-14.56.53:758][  0]LogD3D11RHI:    0. 'NVIDIA GeForce GTX 1050' (Feature Level 11_0)
[2020.06.06-14.56.53:758][  0]LogD3D11RHI:       4021/0/8138 MB DedicatedVideo/DedicatedSystem/SharedSystem, Outputs:2, VendorId:0x10de
[2020.06.06-14.56.53:771][  0]LogD3D11RHI:    1. 'Intel(R) HD Graphics 630' (Feature Level 11_0)
[2020.06.06-14.56.53:771][  0]LogD3D11RHI:       128/0/8138 MB DedicatedVideo/DedicatedSystem/SharedSystem, Outputs:0, VendorId:0x8086
[2020.06.06-14.56.53:774][  0]LogD3D11RHI:    2. 'Microsoft Basic Render Driver' (Feature Level 11_0)
[2020.06.06-14.56.53:774][  0]LogD3D11RHI:       0/0/8138 MB DedicatedVideo/DedicatedSystem/SharedSystem, Outputs:0, VendorId:0x1414
[2020.06.06-14.56.53:774][  0]LogD3D11RHI: Chosen D3D11 Adapter: 0
[2020.06.06-14.56.53:808][  0]LogD3D11RHI: Creating new Direct3DDevice
[2020.06.06-14.56.53:808][  0]LogD3D11RHI:     GPU DeviceId: 0x1c8d (for the marketing name, search the web for "GPU Device Id")
[2020.06.06-14.56.53:808][  0]LogWindows: EnumDisplayDevices:
[2020.06.06-14.56.53:809][  0]LogWindows:    0. 'Intel(R) HD Graphics 630' (P:1 D:1)
[2020.06.06-14.56.53:809][  0]LogWindows:    1. 'Intel(R) HD Graphics 630' (P:0 D:1)
[2020.06.06-14.56.53:809][  0]LogWindows:    2. 'Intel(R) HD Graphics 630' (P:0 D:0)
[2020.06.06-14.56.53:810][  0]LogWindows: DebugString: PrimaryIsNotTheChoosenAdapter PrimaryIsNotTheChoosenAdapter PrimaryIsNotTheChoosenAdapter FoundDriverCount:0 
[2020.06.06-14.56.53:810][  0]LogD3D11RHI:     Adapter Name: NVIDIA GeForce GTX 1050
[2020.06.06-14.56.53:810][  0]LogD3D11RHI:   Driver Version: Unknown (internal:Unknown, unified:Unknown)
[2020.06.06-14.56.53:810][  0]LogD3D11RHI:      Driver Date: Unknown
[2020.06.06-14.56.53:810][  0]LogRHI: Texture pool is 2814 MB (70% of 4021 MB)
[2020.06.06-14.56.53:846][  0]LogD3D11RHI: Async texture creation enabled
[2020.06.06-14.56.53:864][  0]LogD3D11RHI: GPU Timing Frequency: 1000.000000 (Debug: 2 2)
[2020.06.06-14.56.53:865][  0]LogShaderCompilers: Guid format shader working directory is -10 characters bigger than the processId version (C:/Users/Aleks/Documents/Ball-Runner/AleksandraPiasecka/Intermediate/Shaders/WorkingDirectory/36404/).
[2020.06.06-14.56.53:865][  0]LogShaderCompilers: Cleaned the shader compiler working directory 'C:/Users/Aleks/AppData/Local/Temp/UnrealShaderWorkingDir/B78B6A9D4C1917CF28C16AABCB8FA8BB/'.
[2020.06.06-14.56.54:308][  0]LogTemp: Display: Loaded TP AllDesktopTargetPlatform
[2020.06.06-14.56.54:323][  0]LogTemp: Display: Loaded TP MacClientTargetPlatform
[2020.06.06-14.56.54:337][  0]LogTemp: Display: Loaded TP MacNoEditorTargetPlatform
[2020.06.06-14.56.54:352][  0]LogTemp: Display: Loaded TP MacServerTargetPlatform
[2020.06.06-14.56.54:367][  0]LogTemp: Display: Loaded TP MacTargetPlatform
[2020.06.06-14.56.54:382][  0]LogTemp: Display: Loaded TP WindowsClientTargetPlatform
[2020.06.06-14.56.54:396][  0]LogTemp: Display: Loaded TP WindowsNoEditorTargetPlatform
[2020.06.06-14.56.54:410][  0]LogTemp: Display: Loaded TP WindowsServerTargetPlatform
[2020.06.06-14.56.54:418][  0]LogTemp: Display: Loaded TP WindowsTargetPlatform
[2020.06.06-14.56.54:507][  0]LogTemp: Display: Loaded TP AndroidTargetPlatform
[2020.06.06-14.56.54:507][  0]LogTemp: Display: Loaded TP AndroidTargetPlatform
[2020.06.06-14.56.54:507][  0]LogTemp: Display: Loaded TP AndroidTargetPlatform
[2020.06.06-14.56.54:507][  0]LogTemp: Display: Loaded TP AndroidTargetPlatform
[2020.06.06-14.56.54:507][  0]LogTemp: Display: Loaded TP AndroidTargetPlatform
[2020.06.06-14.56.54:507][  0]LogTemp: Display: Loaded TP AndroidTargetPlatform
[2020.06.06-14.56.54:507][  0]LogTemp: Display: Loaded TP AndroidTargetPlatform
[2020.06.06-14.56.54:507][  0]LogTemp: Display: Loaded TP AndroidTargetPlatform
[2020.06.06-14.56.54:507][  0]LogTemp: Display: Loaded TP AndroidTargetPlatform
[2020.06.06-14.56.54:507][  0]LogTemp: Display: Loaded TP AndroidTargetPlatform
[2020.06.06-14.56.54:507][  0]LogTemp: Display: Loaded TP AndroidTargetPlatform
[2020.06.06-14.56.54:507][  0]LogTemp: Display: Loaded TP AndroidTargetPlatform
[2020.06.06-14.56.54:507][  0]LogTemp: Display: Loaded TP AndroidTargetPlatform
[2020.06.06-14.56.54:508][  0]LogTemp: Display: Loaded TP AndroidTargetPlatform
[2020.06.06-14.56.54:508][  0]LogTemp: Display: Loaded TP AndroidTargetPlatform
[2020.06.06-14.56.54:508][  0]LogTemp: Display: Loaded TP AndroidTargetPlatform
[2020.06.06-14.56.54:508][  0]LogTemp: Display: Loaded TP AndroidTargetPlatform
[2020.06.06-14.56.54:508][  0]LogTemp: Display: Loaded TP AndroidTargetPlatform
[2020.06.06-14.56.54:510][  0]LogTemp: Display: Loaded TP HTML5TargetPlatform
[2020.06.06-14.56.54:574][  0]LogTemp: Display: Loaded TP IOSTargetPlatform
[2020.06.06-14.56.54:574][  0]LogTemp: Display: Loaded TP IOSTargetPlatform
[2020.06.06-14.56.54:601][  0]LogTemp: Display: Loaded TP TVOSTargetPlatform
[2020.06.06-14.56.54:601][  0]LogTemp: Display: Loaded TP TVOSTargetPlatform
[2020.06.06-14.56.54:617][  0]LogTemp: Display: Loaded TP LinuxClientTargetPlatform
[2020.06.06-14.56.54:630][  0]LogTemp: Display: Loaded TP LinuxNoEditorTargetPlatform
[2020.06.06-14.56.54:644][  0]LogTemp: Display: Loaded TP LinuxServerTargetPlatform
[2020.06.06-14.56.54:660][  0]LogTemp: Display: Loaded TP LinuxTargetPlatform
[2020.06.06-14.56.54:670][  0]LogTemp: Display: Loaded TP LuminTargetPlatform
[2020.06.06-14.56.54:671][  0]LogTargetPlatformManager: Display: Building Assets For Windows
[2020.06.06-14.56.54:738][  0]LogXGEController: Cleaning working directory: C:/Users/Aleks/AppData/Local/Temp/UnrealXGEWorkingDir/
[2020.06.06-14.56.54:738][  0]LogXGEController: Cannot use XGE Controller as Incredibuild is not installed on this machine.
[2020.06.06-14.56.54:738][  0]LogShaderCompilers: Cannot use XGE Shader Compiler as Incredibuild is not installed on this machine.
[2020.06.06-14.56.54:738][  0]LogShaderCompilers: Display: Using Local Shader Compiler.
[2020.06.06-14.56.55:717][  0]LogDerivedDataCache: Display: Max Cache Size: 512 MB
[2020.06.06-14.56.55:774][  0]LogDerivedDataCache: Loaded boot cache 0.06s 71MB C:/Users/Aleks/AppData/Local/UnrealEngine/4.20/DerivedDataCache/Boot.ddc.
[2020.06.06-14.56.55:774][  0]LogDerivedDataCache: Display: Loaded Boot cache: C:/Users/Aleks/AppData/Local/UnrealEngine/4.20/DerivedDataCache/Boot.ddc
[2020.06.06-14.56.55:774][  0]LogDerivedDataCache: FDerivedDataBackendGraph:  Pak pak cache file C:/Users/Aleks/Documents/Ball-Runner/AleksandraPiasecka/DerivedDataCache/DDC.ddp not found, will not use a pak cache.
[2020.06.06-14.56.55:774][  0]LogDerivedDataCache: Unable to find inner node Pak for hierarchical cache Hierarchy.
[2020.06.06-14.56.55:774][  0]LogDerivedDataCache: FDerivedDataBackendGraph:  CompressedPak pak cache file C:/Users/Aleks/Documents/Ball-Runner/AleksandraPiasecka/DerivedDataCache/Compressed.ddp not found, will not use a pak cache.
[2020.06.06-14.56.55:774][  0]LogDerivedDataCache: Unable to find inner node CompressedPak for hierarchical cache Hierarchy.
[2020.06.06-14.56.55:791][  0]LogDerivedDataCache: Display: Pak cache opened for reading ../../../Engine/DerivedDataCache/Compressed.ddp.
[2020.06.06-14.56.55:803][  0]LogDerivedDataCache: Using Local data cache path C:/Users/Aleks/AppData/Local/UnrealEngine/Common/DerivedDataCache: Writable
[2020.06.06-14.56.55:803][  0]LogDerivedDataCache: Shared data cache path not found in *engine.ini, will not use an Shared cache.
[2020.06.06-14.56.55:803][  0]LogDerivedDataCache: Unable to find inner node Shared for hierarchical cache Hierarchy.
[2020.06.06-14.56.55:821][  0]LogMaterial: Verifying Global Shaders for PCD3D_SM5
[2020.06.06-14.56.55:823][  0]LogSlate: Using FreeType 2.6.0
[2020.06.06-14.56.55:825][  0]LogSlate: SlateFontServices - WITH_FREETYPE: 1, WITH_HARFBUZZ: 1
[2020.06.06-14.56.56:049][  0]LogAssetRegistry: FAssetRegistry took 0.0269 seconds to start up
[2020.06.06-14.56.56:372][  0]LogInit: Selected Device Profile: [Windows]
[2020.06.06-14.56.56:526][  0]LogSimplygon: Simplygon DLL not present - disabling.
[2020.06.06-14.56.56:530][  0]LogMeshReduction: Using SimplygonSwarm for distributed automatic mesh merging
[2020.06.06-14.56.56:530][  0]LogMeshReduction: Using ProxyLODMeshReduction for automatic mesh merging
[2020.06.06-14.56.56:530][  0]LogMeshReduction: Using QuadricMeshReduction for automatic static mesh reduction
[2020.06.06-14.56.56:530][  0]LogMeshReduction: No automatic skeletal mesh reduction module available
[2020.06.06-14.56.56:556][  0]LogNetVersion: AleksandraPiasecka 1.0.0, NetCL: 4212847, EngineNetVer: 5, GameNetVer: 0 (Checksum: 2078777456)
[2020.06.06-14.56.57:251][  0]LogPackageLocalizationCache: Processed 11 localized package path(s) for 2 prioritized culture(s) in 0.105730 seconds
[2020.06.06-14.56.57:257][  0]LogUObjectArray: 38425 objects as part of root set at end of initial load.
[2020.06.06-14.56.57:257][  0]LogUObjectAllocator: 6690864 out of 0 bytes used by permanent object pool.
[2020.06.06-14.56.57:257][  0]LogUObjectArray: CloseDisregardForGC: 0/0 objects in disregard for GC pool
[2020.06.06-14.56.59:692][  0]LogTcpMessaging: Initializing TcpMessaging bridge
[2020.06.06-14.56.59:706][  0]LogUdpMessaging: Initializing bridge on interface 0.0.0.0:0 to multicast group 230.0.0.1:6666.
[2020.06.06-14.56.59:958][  0]SourceControl: Source control is disabled
[2020.06.06-14.56.59:958][  0]SourceControl: Source control is disabled
[2020.06.06-14.56.59:960][  0]SourceControl: Source control is disabled
[2020.06.06-14.56.59:962][  0]SourceControl: Source control is disabled
[2020.06.06-14.57.00:195][  0]LogAndroidPermission: UAndroidPermissionCallbackProxy::GetInstance
[2020.06.06-14.57.00:284][  0]LogOcInput: OculusInput pre-init called
[2020.06.06-14.57.00:355][  0]LogEngine: Initializing Engine...
[2020.06.06-14.57.00:356][  0]LogHMD: Failed to initialize OpenVR with code 110
[2020.06.06-14.57.00:357][  0]LogStats: UGameplayTagsManager::ConstructGameplayTagTree: ImportINI prefixes -  0.000 s
[2020.06.06-14.57.00:357][  0]LogStats: UGameplayTagsManager::ConstructGameplayTagTree: Construct from data asset -  0.000 s
[2020.06.06-14.57.00:357][  0]LogStats: UGameplayTagsManager::ConstructGameplayTagTree: ImportINI -  0.000 s
[2020.06.06-14.57.00:357][  0]LogStats: UGameplayTagsManager::ConstructGameplayTagTree: GameplayTagTreeChangedEvent.Broadcast -  0.000 s
[2020.06.06-14.57.00:616][  0]LogInit: Initializing FReadOnlyCVARCache
[2020.06.06-14.57.00:628][  0]LogAIModule: Creating AISystem for world Untitled
[2020.06.06-14.57.00:707][  0]LogInit: XAudio2 using 'Głośniki (Realtek High Definition Audio)' : 2 channels at 48 kHz using 32 bits per sample (channel mask 0x3)
[2020.06.06-14.57.00:766][  0]LogInit: FAudioDevice initialized.
[2020.06.06-14.57.00:767][  0]LogNetVersion: Set ProjectVersion to 1.0.0.0. Version Checksum will be recalculated on next use.
[2020.06.06-14.57.00:954][  0]LogDerivedDataCache: Saved boot cache 0.19s 71MB C:/Users/Aleks/AppData/Local/UnrealEngine/4.20/DerivedDataCache/Boot.ddc.
[2020.06.06-14.57.00:955][  0]LogInit: Texture streaming: Enabled
[2020.06.06-14.57.00:978][  0]LogEngineSessionManager: EngineSessionManager initialized
[2020.06.06-14.57.00:993][  0]LogInit: Transaction tracking system initialized
[2020.06.06-14.57.01:014][  0]BlueprintLog: New page: Editor Load
[2020.06.06-14.57.01:092][  0]LocalizationService: Localization service is disabled
[2020.06.06-14.57.01:397][  0]LogCook: Display: Max memory allowance for cook 16384mb min free memory 0mb
[2020.06.06-14.57.01:397][  0]LogCook: Display: Mobile HDR setting 1
[2020.06.06-14.57.01:397][  0]LogGameplayTags: Display: UGameplayTagsManager::DoneAddingNativeTags. DelegateIsBound: 0
[2020.06.06-14.57.01:397][  0]LogStats: UGameplayTagsManager::ConstructGameplayTagTree: ImportINI prefixes -  0.000 s
[2020.06.06-14.57.01:397][  0]LogStats: UGameplayTagsManager::ConstructGameplayTagTree: Construct from data asset -  0.000 s
[2020.06.06-14.57.01:397][  0]LogStats: UGameplayTagsManager::ConstructGameplayTagTree: ImportINI -  0.000 s
[2020.06.06-14.57.01:397][  0]LogStats: UGameplayTagsManager::ConstructGameplayTagTree: GameplayTagTreeChangedEvent.Broadcast -  0.000 s
[2020.06.06-14.57.01:403][  0]LogFileCache: Scanning file cache for directory 'C:/Users/Aleks/Documents/Ball-Runner/AleksandraPiasecka/Content/' took 0.02s
[2020.06.06-14.57.01:566][  0]SourceControl: Source control is disabled
[2020.06.06-14.57.01:566][  0]Cmd: MAP LOAD FILE="C:/Users/Aleks/Documents/Ball-Runner/AleksandraPiasecka/Content/Levels/MainLevel.umap" TEMPLATE=0 SHOWPROGRESS=1 FEATURELEVEL=3
[2020.06.06-14.57.01:567][  0]LightingResults: New page: Lighting Build
[2020.06.06-14.57.01:568][  0]MapCheck: New page: Map Check
[2020.06.06-14.57.01:568][  0]LightingResults: New page: Lighting Build
[2020.06.06-14.57.01:824][  0]LogAIModule: Creating AISystem for world MainLevel
[2020.06.06-14.57.01:834][  0]LogEditorServer: Finished looking for orphan Actors (0.000 secs)
[2020.06.06-14.57.01:858][  0]Cmd: MAP CHECKDEP NOCLEARLOG
[2020.06.06-14.57.01:904][  0]MapCheck: Map check complete: 0 Error(s), 0 Warning(s), took 47,136ms to complete.
[2020.06.06-14.57.01:905][  0]LogFileHelpers: Loading map 'MainLevel' took 0.339
[2020.06.06-14.57.02:037][  0]LogSlate: Updating window title bar state: overlay mode, drag disabled, window buttons hidden, title bar hidden
[2020.06.06-14.57.02:047][  0]LogSlate: Updating window title bar state: overlay mode, drag disabled, window buttons hidden, title bar hidden
[2020.06.06-14.57.02:055][  0]LogSlate: Updating window title bar state: overlay mode, drag disabled, window buttons hidden, title bar hidden
[2020.06.06-14.57.02:063][  0]LogSlate: Updating window title bar state: overlay mode, drag disabled, window buttons hidden, title bar hidden
[2020.06.06-14.57.02:070][  0]LogCollectionManager: Loaded 0 collections in 0.001049 seconds
[2020.06.06-14.57.02:113][  0]LogFileCache: Scanning file cache for directory 'C:/Users/Aleks/Documents/Ball-Runner/AleksandraPiasecka/Saved/Collections/' took 0.01s
[2020.06.06-14.57.02:113][  0]LogFileCache: Scanning file cache for directory 'C:/Users/Aleks/Documents/Ball-Runner/AleksandraPiasecka/Content/Developers/Aleks/Collections/' took 0.01s
[2020.06.06-14.57.02:113][  0]LogFileCache: Scanning file cache for directory 'C:/Users/Aleks/Documents/Ball-Runner/AleksandraPiasecka/Content/Collections/' took 0.01s
[2020.06.06-14.57.02:113][  0]LogCollectionManager: Rebuilt the GUID cache for 0 collections in 0.000000 seconds
[2020.06.06-14.57.02:122][  0]LogContentBrowser: Native class hierarchy populated in 0.0093 seconds. Added 2573 classes and 605 folders.
[2020.06.06-14.57.02:127][  0]LogContentBrowser: Native class hierarchy updated for 'WidgetCarousel' in 0.0003 seconds. Added 0 classes and 0 folders.
[2020.06.06-14.57.02:239][  0]LogContentBrowser: Native class hierarchy updated for 'AddContentDialog' in 0.0003 seconds. Added 0 classes and 0 folders.
[2020.06.06-14.57.02:310][  0]LogSlate: Took 0.005611 seconds to synchronously load lazily loaded font '../../../Engine/Content/Slate/Fonts/Roboto-Regular.ttf' (155K)
[2020.06.06-14.57.02:318][  0]LogSlate: Took 0.004478 seconds to synchronously load lazily loaded font '../../../Engine/Content/Slate/Fonts/Roboto-Bold.ttf' (160K)
[2020.06.06-14.57.02:322][  0]LogSlate: Took 0.001201 seconds to synchronously load lazily loaded font '../../../Engine/Content/Editor/Slate/Fonts/FontAwesome.ttf' (139K)
[2020.06.06-14.57.02:412][  0]LogRenderer: Reallocating scene render targets to support 772x432 Format 10 NumSamples 1 (Frame:1).
[2020.06.06-14.57.02:617][  0]LogContentBrowser: Native class hierarchy updated for 'HierarchicalLODOutliner' in 0.0003 seconds. Added 0 classes and 0 folders.
[2020.06.06-14.57.02:617][  0]LogLoad: (Engine Initialization) Total time: 11.96 seconds
[2020.06.06-14.57.02:617][  0]LogLoad: (Engine Initialization) Total Blueprint compile time: 0.00 seconds
[2020.06.06-14.57.02:657][  0]LogContentStreaming: Texture pool size now 1000 MB
[2020.06.06-14.57.02:719][  0]LogRenderer: Reallocating scene render targets to support 772x444 Format 10 NumSamples 1 (Frame:2).
[2020.06.06-14.57.02:719][  0]LogSlate: Took 0.001486 seconds to synchronously load lazily loaded font '../../../Engine/Content/Slate/Fonts/Roboto-Light.ttf' (167K)
[2020.06.06-14.57.02:782][  1]LogAssetRegistry: Asset discovery search completed in 6.7552 seconds
[2020.06.06-14.57.02:783][  1]LogCollectionManager: Rebuilt the object cache for 0 collections in 0.000000 seconds (found 0 objects)
[2020.06.06-14.57.02:784][  1]LogCollectionManager: Fixed up redirectors for 0 collections in 0.000087 seconds (updated 0 objects)
[2020.06.06-14.57.03:658][ 52]LogSlate: Took 0.000183 seconds to synchronously load lazily loaded font '../../../Engine/Content/Slate/Fonts/Roboto-Light.ttf' (167K)
[2020.06.06-15.14.30:658][135]LogSlate: FSceneViewport::OnFocusLost() reason 0
[2020.06.06-15.14.30:942][138]LogAssetEditorManager: Opening Asset editor for Blueprint /Game/Blueprints/BP_PlayerPawn.BP_PlayerPawn
[2020.06.06-15.14.31:545][138]LogContentBrowser: Native class hierarchy updated for 'BlueprintGraph' in 0.0007 seconds. Added 116 classes and 0 folders.
[2020.06.06-15.14.32:365][138]LogSlate: Took 0.001304 seconds to synchronously load lazily loaded font '../../../Engine/Content/Slate/Fonts/Roboto-BoldCondensed.ttf' (158K)
[2020.06.06-15.14.32:428][139]LogSlate: Took 0.001899 seconds to synchronously load lazily loaded font '../../../Engine/Content/Slate/Fonts/Roboto-Italic.ttf' (157K)
[2020.06.06-15.15.06:530][151]LogTemp: Repeating last play command: Selected Viewport
[2020.06.06-15.15.06:543][151]BlueprintLog: New page: Pre-Play auto-recompile
[2020.06.06-15.15.06:547][151]LogPlayLevel: [PlayLevel] Compiling BP_PlayerPawn before play...
[2020.06.06-15.15.06:696][151]LogPlayLevel: PlayLevel: Blueprint regeneration took 153 ms (1 blueprints)
[2020.06.06-15.15.06:710][151]PIE: New page: PIE session: MainLevel (6 cze 2020, 19:15:06)
[2020.06.06-15.15.06:710][151]LogPlayLevel: Creating play world package: /Game/Levels/UEDPIE_0_MainLevel
[2020.06.06-15.15.06:715][151]LogPlayLevel: PIE: StaticDuplicateObject took: (0.005409s)
[2020.06.06-15.15.06:716][151]LogAIModule: Creating AISystem for world MainLevel
[2020.06.06-15.15.06:716][151]LogPlayLevel: PIE: World Init took: (0.000986s)
[2020.06.06-15.15.06:716][151]LogPlayLevel: PIE: Created PIE world by copying editor world from /Game/Levels/MainLevel.MainLevel to /Game/Levels/UEDPIE_0_MainLevel.MainLevel (0.006548s)
[2020.06.06-15.15.06:750][151]LogInit: XAudio2 using 'Głośniki (Realtek High Definition Audio)' : 2 channels at 48 kHz using 32 bits per sample (channel mask 0x3)
[2020.06.06-15.15.06:770][151]LogInit: FAudioDevice initialized.
[2020.06.06-15.15.06:783][151]LogSlate: Updating window title bar state: overlay mode, drag disabled, window buttons hidden, title bar hidden
[2020.06.06-15.15.06:885][151]LogLoad: Game class is 'BP_GameMode_C'
[2020.06.06-15.15.06:887][151]LogWorld: Bringing World /Game/Levels/UEDPIE_0_MainLevel.MainLevel up for play (max tick rate 60) at 2020.06.06-17.15.06
[2020.06.06-15.15.06:888][151]LogWorld: Bringing up level for play took: 0.001584
[2020.06.06-15.15.06:904][151]LogContentBrowser: Native class hierarchy updated for 'MovieSceneCapture' in 0.0004 seconds. Added 10 classes and 0 folders.
[2020.06.06-15.15.06:906][151]PIE: Play in editor start time for /Game/Levels/UEDPIE_0_MainLevel 0,934
[2020.06.06-15.15.06:958][151]LogRenderer: Reallocating scene render targets to support 1024x576 Format 10 NumSamples 1 (Frame:1).
[2020.06.06-15.15.20:617][967]LogSlate: Updating window title bar state: overlay mode, drag disabled, window buttons hidden, title bar hidden
[2020.06.06-15.15.20:628][967]LogSlate: Window 'AleksandraPiasecka Game Preview Standalone (64-bit/PCD3D_SM5)' being destroyed
[2020.06.06-15.15.20:662][967]LogPlayLevel: Display: Shutting down PIE online subsystems
[2020.06.06-15.15.20:727][969]LogPlayLevel: Display: Destroying online subsystem :Context_4
[2020.06.06-15.15.46:871][534]LogFileHelpers: Editor autosave (incl. sublevels) for '/Game/Levels/MainLevel' took 0.024
[2020.06.06-15.15.46:874][534]OBJ SavePackage: Generating thumbnails for [1] asset(s) in package [/Game/Blueprints/BP_PlayerPawn] ([1] browsable assets)...
[2020.06.06-15.15.46:891][534]OBJ SavePackage:     Rendered thumbnail for [Blueprint /Game/Blueprints/BP_PlayerPawn.BP_PlayerPawn]
[2020.06.06-15.15.46:891][534]OBJ SavePackage: Finished generating thumbnails for package [/Game/Blueprints/BP_PlayerPawn]
[2020.06.06-15.15.46:924][534]LogSavePackage: Moving 'C:/Users/Aleks/Documents/Ball-Runner/AleksandraPiasecka/Saved/BP_PlayerPawn_Auto1738C217B46915AD6AA9BBC95A1E5B5CF.tmp' to 'C:/Users/Aleks/Documents/Ball-Runner/AleksandraPiasecka/Saved/Autosaves/Game/Blueprints/BP_PlayerPawn_Auto1.uasset'
[2020.06.06-15.15.46:926][534]LogFileHelpers: Auto-saving content packages took 0.053
[2020.06.06-15.18.17:020][994]LogTemp: Repeating last play command: Selected Viewport
[2020.06.06-15.18.17:038][994]LogPlayLevel: PlayLevel: No blueprints needed recompiling
[2020.06.06-15.18.17:038][994]PIE: New page: PIE session: MainLevel (6 cze 2020, 19:18:17)
[2020.06.06-15.18.17:038][994]LogPlayLevel: Creating play world package: /Game/Levels/UEDPIE_0_MainLevel
[2020.06.06-15.18.17:045][994]LogPlayLevel: PIE: StaticDuplicateObject took: (0.006657s)
[2020.06.06-15.18.17:046][994]LogAIModule: Creating AISystem for world MainLevel
[2020.06.06-15.18.17:046][994]LogPlayLevel: PIE: World Init took: (0.001185s)
[2020.06.06-15.18.17:046][994]LogPlayLevel: PIE: Created PIE world by copying editor world from /Game/Levels/MainLevel.MainLevel to /Game/Levels/UEDPIE_0_MainLevel.MainLevel (0.008023s)
[2020.06.06-15.18.17:086][994]LogInit: XAudio2 using 'Głośniki (Realtek High Definition Audio)' : 2 channels at 48 kHz using 32 bits per sample (channel mask 0x3)
[2020.06.06-15.18.17:108][994]LogInit: FAudioDevice initialized.
[2020.06.06-15.18.17:144][994]LogLoad: Game class is 'BP_GameMode_C'
[2020.06.06-15.18.17:147][994]LogWorld: Bringing World /Game/Levels/UEDPIE_0_MainLevel.MainLevel up for play (max tick rate 60) at 2020.06.06-17.18.17
[2020.06.06-15.18.17:147][994]LogWorld: Bringing up level for play took: 0.002068
[2020.06.06-15.18.17:161][994]PIE: Play in editor start time for /Game/Levels/UEDPIE_0_MainLevel -0,81
[2020.06.06-15.18.43:568][549]LogSlate: Updating window title bar state: overlay mode, drag disabled, window buttons hidden, title bar hidden
[2020.06.06-15.18.43:928][549]LogPlayLevel: Display: Shutting down PIE online subsystems
[2020.06.06-15.18.43:988][549]LogSlate: Updating window title bar state: overlay mode, drag disabled, window buttons hidden, title bar hidden
[2020.06.06-15.18.44:017][550]LogPlayLevel: Display: Destroying online subsystem :Context_5
[2020.06.06-15.20.26:166][922]LogSlate: FSceneViewport::OnFocusLost() reason 2
[2020.06.06-15.21.33:329][836]LogSlate: Took 0.022934 seconds to synchronously load lazily loaded font '../../../Engine/Content/Slate/Fonts/Roboto-BoldCondensedItalic.ttf' (160K)
[2020.06.06-15.24.12:969][811]BlueprintLog: New page: Compile BP_PlayerPawn
[2020.06.06-15.24.59:329][545]BlueprintLog: New page: Compile BP_PlayerPawn
[2020.06.06-15.26.17:081][398]LogFileHelpers: Editor autosave (incl. sublevels) for '/Game/Levels/MainLevel' took 0.025
[2020.06.06-15.26.17:084][398]OBJ SavePackage: Generating thumbnails for [1] asset(s) in package [/Game/Blueprints/BP_PlayerPawn] ([1] browsable assets)...
[2020.06.06-15.26.17:100][398]OBJ SavePackage:     Rendered thumbnail for [Blueprint /Game/Blueprints/BP_PlayerPawn.BP_PlayerPawn]
[2020.06.06-15.26.17:100][398]OBJ SavePackage: Finished generating thumbnails for package [/Game/Blueprints/BP_PlayerPawn]
[2020.06.06-15.26.17:131][398]LogSavePackage: Moving 'C:/Users/Aleks/Documents/Ball-Runner/AleksandraPiasecka/Saved/BP_PlayerPawn_Auto2FDEE4E5641BD75062A8675AD145AFE8C.tmp' to 'C:/Users/Aleks/Documents/Ball-Runner/AleksandraPiasecka/Saved/Autosaves/Game/Blueprints/BP_PlayerPawn_Auto2.uasset'
[2020.06.06-15.26.17:133][398]LogFileHelpers: Auto-saving content packages took 0.050
[2020.06.06-15.26.25:518][900]BlueprintLog: New page: Compile BP_PlayerPawn
[2020.06.06-15.26.27:646][ 13]Cmd: OBJ SAVEPACKAGE PACKAGE="/Game/Blueprints/BP_PlayerPawn" FILE="C:/Users/Aleks/Documents/Ball-Runner/AleksandraPiasecka/Content/Blueprints/BP_PlayerPawn.uasset" SILENT=true
[2020.06.06-15.26.27:676][ 13]LogSavePackage: Moving 'C:/Users/Aleks/Documents/Ball-Runner/AleksandraPiasecka/Saved/BP_PlayerPawn5BE12EDE41255C50DEDB2F9A6CB658A8.tmp' to 'C:/Users/Aleks/Documents/Ball-Runner/AleksandraPiasecka/Content/Blueprints/BP_PlayerPawn.uasset'
[2020.06.06-15.26.28:744][ 77]LogTemp: Repeating last play command: Selected Viewport
[2020.06.06-15.26.28:757][ 77]LogPlayLevel: PlayLevel: No blueprints needed recompiling
[2020.06.06-15.26.28:757][ 77]PIE: New page: PIE session: MainLevel (6 cze 2020, 19:26:28)
[2020.06.06-15.26.28:757][ 77]LogPlayLevel: Creating play world package: /Game/Levels/UEDPIE_0_MainLevel
[2020.06.06-15.26.28:762][ 77]LogPlayLevel: PIE: StaticDuplicateObject took: (0.005102s)
[2020.06.06-15.26.28:763][ 77]LogAIModule: Creating AISystem for world MainLevel
[2020.06.06-15.26.28:763][ 77]LogPlayLevel: PIE: World Init took: (0.000753s)
[2020.06.06-15.26.28:763][ 77]LogPlayLevel: PIE: Created PIE world by copying editor world from /Game/Levels/MainLevel.MainLevel to /Game/Levels/UEDPIE_0_MainLevel.MainLevel (0.005987s)
[2020.06.06-15.26.28:793][ 77]LogInit: XAudio2 using 'Głośniki (Realtek High Definition Audio)' : 2 channels at 48 kHz using 32 bits per sample (channel mask 0x3)
[2020.06.06-15.26.28:811][ 77]LogInit: FAudioDevice initialized.
[2020.06.06-15.26.28:822][ 77]LogSlate: Updating window title bar state: overlay mode, drag disabled, window buttons hidden, title bar hidden
[2020.06.06-15.26.28:953][ 77]LogLoad: Game class is 'BP_GameMode_C'
[2020.06.06-15.26.28:955][ 77]LogWorld: Bringing World /Game/Levels/UEDPIE_0_MainLevel.MainLevel up for play (max tick rate 60) at 2020.06.06-17.26.28
[2020.06.06-15.26.28:955][ 77]LogWorld: Bringing up level for play took: 0.001707
[2020.06.06-15.26.28:970][ 77]PIE: Play in editor start time for /Game/Levels/UEDPIE_0_MainLevel 0,999
[2020.06.06-15.26.43:213][929]LogSlate: Updating window title bar state: overlay mode, drag disabled, window buttons hidden, title bar hidden
[2020.06.06-15.26.43:225][929]LogSlate: Window 'AleksandraPiasecka Game Preview Standalone (64-bit/PCD3D_SM5)' being destroyed
[2020.06.06-15.26.43:258][929]LogPlayLevel: Display: Shutting down PIE online subsystems
[2020.06.06-15.26.43:317][931]LogPlayLevel: Display: Destroying online subsystem :Context_6
[2020.06.06-15.26.44:817][ 21]LogTemp: Repeating last play command: Selected Viewport
[2020.06.06-15.26.44:830][ 21]LogPlayLevel: PlayLevel: No blueprints needed recompiling
[2020.06.06-15.26.44:830][ 21]PIE: New page: PIE session: MainLevel (6 cze 2020, 19:26:44)
[2020.06.06-15.26.44:830][ 21]LogPlayLevel: Creating play world package: /Game/Levels/UEDPIE_0_MainLevel
[2020.06.06-15.26.44:836][ 21]LogPlayLevel: PIE: StaticDuplicateObject took: (0.005371s)
[2020.06.06-15.26.44:836][ 21]LogAIModule: Creating AISystem for world MainLevel
[2020.06.06-15.26.44:836][ 21]LogPlayLevel: PIE: World Init took: (0.000677s)
[2020.06.06-15.26.44:836][ 21]LogPlayLevel: PIE: Created PIE world by copying editor world from /Game/Levels/MainLevel.MainLevel to /Game/Levels/UEDPIE_0_MainLevel.MainLevel (0.006182s)
[2020.06.06-15.26.44:870][ 21]LogInit: XAudio2 using 'Głośniki (Realtek High Definition Audio)' : 2 channels at 48 kHz using 32 bits per sample (channel mask 0x3)
[2020.06.06-15.26.44:887][ 21]LogInit: FAudioDevice initialized.
[2020.06.06-15.26.44:899][ 21]LogSlate: Updating window title bar state: overlay mode, drag disabled, window buttons hidden, title bar hidden
[2020.06.06-15.26.44:986][ 21]LogLoad: Game class is 'BP_GameMode_C'
[2020.06.06-15.26.44:988][ 21]LogWorld: Bringing World /Game/Levels/UEDPIE_0_MainLevel.MainLevel up for play (max tick rate 60) at 2020.06.06-17.26.44
[2020.06.06-15.26.44:989][ 21]LogWorld: Bringing up level for play took: 0.002147
[2020.06.06-15.26.45:004][ 21]PIE: Play in editor start time for /Game/Levels/UEDPIE_0_MainLevel 1,033
[2020.06.06-15.27.05:876][267]LogSlate: Updating window title bar state: overlay mode, drag disabled, window buttons hidden, title bar hidden
[2020.06.06-15.27.05:890][267]LogSlate: Window 'AleksandraPiasecka Game Preview Standalone (64-bit/PCD3D_SM5)' being destroyed
[2020.06.06-15.27.05:925][267]LogPlayLevel: Display: Shutting down PIE online subsystems
[2020.06.06-15.27.05:994][268]LogPlayLevel: Display: Destroying online subsystem :Context_7
