Log file open, 06/06/20 10:34:08
LogWindows: Failed to load 'aqProf.dll' (GetLastError=126)
LogWindows: File 'aqProf.dll' does not exist
LogWindows: Failed to load 'VSPerf140.dll' (GetLastError=126)
LogWindows: File 'VSPerf140.dll' does not exist
LogWindows: Failed to load 'VtuneApi.dll' (GetLastError=126)
LogWindows: File 'VtuneApi.dll' does not exist
LogWindows: Failed to load 'VtuneApi32e.dll' (GetLastError=126)
LogWindows: File 'VtuneApi32e.dll' does not exist
LogInit: Display: Running engine for game: AleksandraPiasecka
LogPlatformFile: Not using cached read wrapper
LogTaskGraph: Started task graph with 5 named threads and 14 total threads with 3 sets of task threads.
LogStats: Stats thread started at 2.265682
LogD3D11RHI: Loaded GFSDK_Aftermath_Lib.x64.dll
LogICUInternationalization: Display: ICU TimeZone Detection - Raw Offset: +1:00, Platform Override: ''
LogPluginManager: Mounting plugin Paper2D
LogPluginManager: Mounting plugin AISupport
LogPluginManager: Mounting plugin LightPropagationVolume
LogPluginManager: Mounting plugin CLionSourceCodeAccess
LogPluginManager: Mounting plugin CodeLiteSourceCodeAccess
LogPluginManager: Mounting plugin GitSourceControl
LogPluginManager: Mounting plugin KDevelopSourceCodeAccess
LogPluginManager: Mounting plugin NullSourceCodeAccess
LogPluginManager: Mounting plugin PerforceSourceControl
LogPluginManager: Mounting plugin SubversionSourceControl
LogPluginManager: Mounting plugin UObjectPlugin
LogPluginManager: Mounting plugin VisualStudioCodeSourceCodeAccess
LogPluginManager: Mounting plugin VisualStudioSourceCodeAccess
LogPluginManager: Mounting plugin XCodeSourceCodeAccess
LogPluginManager: Mounting plugin AssetManagerEditor
LogPluginManager: Mounting plugin CryptoKeys
LogPluginManager: Mounting plugin DataValidation
LogPluginManager: Mounting plugin FacialAnimation
LogPluginManager: Mounting plugin GameplayTagsEditor
LogPluginManager: Mounting plugin MacGraphicsSwitching
LogPluginManager: Mounting plugin MeshEditor
LogPluginManager: Mounting plugin MobileLauncherProfileWizard
LogPluginManager: Mounting plugin PluginBrowser
LogPluginManager: Mounting plugin SpeedTreeImporter
LogPluginManager: Mounting plugin DatasmithContent
LogPluginManager: Mounting plugin AlembicImporter
LogPluginManager: Mounting plugin AppleImageUtils
LogPluginManager: Mounting plugin AppleVision
LogPluginManager: Mounting plugin BackChannel
LogPluginManager: Mounting plugin CharacterAI
LogPluginManager: Mounting plugin GeometryCache
LogPluginManager: Mounting plugin HTML5Networking
LogPluginManager: Mounting plugin ProxyLODPlugin
LogPluginManager: Mounting plugin MagicLeap
LogPluginManager: Mounting plugin MagicLeapEmulator
LogPluginManager: Mounting plugin MagicLeapMedia
LogPluginManager: Mounting plugin AndroidMedia
LogPluginManager: Mounting plugin AvfMedia
LogPluginManager: Mounting plugin ImgMedia
LogPluginManager: Mounting plugin LinearTimecode
LogPluginManager: Mounting plugin MediaCompositing
LogPluginManager: Mounting plugin MediaPlayerEditor
LogPluginManager: Mounting plugin WmfMedia
LogPluginManager: Mounting plugin TcpMessaging
LogPluginManager: Mounting plugin UdpMessaging
LogPluginManager: Mounting plugin ActorSequence
LogPluginManager: Mounting plugin LevelSequenceEditor
LogPluginManager: Mounting plugin MatineeToLevelSequence
LogPluginManager: Mounting plugin NetcodeUnitTest
LogPluginManager: Mounting plugin NUTUnrealEngine4
LogPluginManager: Mounting plugin OnlineSubsystemGooglePlay
LogPluginManager: Mounting plugin OnlineSubsystemIOS
LogPluginManager: Mounting plugin OnlineSubsystem
LogPluginManager: Mounting plugin OnlineSubsystemNull
LogPluginManager: Mounting plugin OnlineSubsystemUtils
LogPluginManager: Mounting plugin LauncherChunkInstaller
LogPluginManager: Mounting plugin AndroidDeviceProfileSelector
LogPluginManager: Mounting plugin AndroidMoviePlayer
LogPluginManager: Mounting plugin AndroidPermission
LogPluginManager: Mounting plugin AppleMoviePlayer
LogPluginManager: Mounting plugin ArchVisCharacter
LogPluginManager: Mounting plugin AudioCapture
LogPluginManager: Mounting plugin CableComponent
LogPluginManager: Mounting plugin CustomMeshComponent
LogPluginManager: Mounting plugin EditableMesh
LogPluginManager: Mounting plugin ExampleDeviceProfileSelector
LogPluginManager: Mounting plugin GoogleCloudMessaging
LogPluginManager: Mounting plugin ImmediatePhysics
LogPluginManager: Mounting plugin IOSDeviceProfileSelector
LogPluginManager: Mounting plugin LinuxDeviceProfileSelector
LogPluginManager: Mounting plugin LocationServicesBPLibrary
LogPluginManager: Mounting plugin MobilePatchingUtils
LogPluginManager: Mounting plugin OculusVR
LogPluginManager: Plugin shader directory ../../../Engine/Plugins/Runtime/Oculus/OculusVR/Shaders found
LogPluginManager: Mapping shader source directory ../../../Engine/Plugins/Runtime/Oculus/OculusVR/Shaders to virtual directory /Plugin/OculusVR
LogPluginManager: Mounting plugin PhysXVehicles
LogPluginManager: Mounting plugin ProceduralMeshComponent
LogPluginManager: Mounting plugin RuntimePhysXCooking
LogPluginManager: Mounting plugin SteamVR
LogPluginManager: Mounting plugin WindowsMoviePlayer
LogStreaming: Display: Took  0.307s to configure plugins.
LogInit: Using libcurl 7.55.1-DEV
LogInit:  - built for x86_64-pc-win32
LogInit:  - supports SSL with OpenSSL/1.0.2h
LogInit:  - supports HTTP deflate (compression) using libz 1.2.8
LogInit:  - other features:
LogInit:      CURL_VERSION_SSL
LogInit:      CURL_VERSION_LIBZ
LogInit:      CURL_VERSION_IPV6
LogInit:      CURL_VERSION_ASYNCHDNS
LogInit:      CURL_VERSION_LARGEFILE
LogInit:      CURL_VERSION_IDN
LogInit:  CurlRequestOptions (configurable via config and command line):
LogInit:  - bVerifyPeer = false  - Libcurl will NOT verify peer certificate
LogInit:  - bUseHttpProxy = false  - Libcurl will NOT use HTTP proxy
LogInit:  - bDontReuseConnections = false  - Libcurl will reuse connections
LogInit:  - CertBundlePath = nullptr  - Libcurl will use whatever was configured at build time.
LogInit:  - MaxHostConnections = 16  - Libcurl will limit the number of connections to a host
LogInit:  - LocalHostAddr = Default
LogInit:  - BufferSize = 65536
LogInit: WinSock: version 1.1 (2.2), MaxSocks=32767, MaxUdp=65467
LogInit: Build: ++UE4+Release-4.20-CL-4369336
LogInit: Engine Version: 4.20.3-4369336+++UE4+Release-4.20
LogInit: Compatible Engine Version: 4.20.0-4212847+++UE4+Release-4.20
LogInit: Net CL: 4212847
LogInit: OS: Windows 10 (), CPU: Intel(R) Core(TM) i5-7300HQ CPU @ 2.50GHz, GPU: Intel(R) HD Graphics 630
LogInit: Compiled (64-bit): Sep 17 2018 12:26:19
LogInit: Compiled with Visual C++: 19.13.26129.00
LogInit: Build Configuration: Development
LogInit: Branch Name: ++UE4+Release-4.20
LogInit: Command Line:  
LogInit: Base Directory: E:/Program Files/UE_4.20/Engine/Binaries/Win64/
LogInit: Installed Engine Build: 1
LogDevObjectVersion: Number of dev versions registered: 20
LogDevObjectVersion:   Dev-Blueprints (B0D832E4-1F89-4F0D-ACCF-7EB736FD4AA2): 10
LogDevObjectVersion:   Dev-Build (E1C64328-A22C-4D53-A36C-8E866417BD8C): 0
LogDevObjectVersion:   Dev-Core (375EC13C-06E4-48FB-B500-84F0262A717E): 2
LogDevObjectVersion:   Dev-Editor (E4B068ED-F494-42E9-A231-DA0B2E46BB41): 24
LogDevObjectVersion:   Dev-Framework (CFFC743F-43B0-4480-9391-14DF171D2073): 34
LogDevObjectVersion:   Dev-Mobile (B02B49B5-BB20-44E9-A304-32B752E40360): 2
LogDevObjectVersion:   Dev-Networking (A4E4105C-59A1-49B5-A7C5-40C4547EDFEE): 0
LogDevObjectVersion:   Dev-Online (39C831C9-5AE6-47DC-9A44-9C173E1C8E7C): 0
LogDevObjectVersion:   Dev-Physics (78F01B33-EBEA-4F98-B9B4-84EACCB95AA2): 0
LogDevObjectVersion:   Dev-Platform (6631380F-2D4D-43E0-8009-CF276956A95A): 0
LogDevObjectVersion:   Dev-Rendering (12F88B9F-8875-4AFC-A67C-D90C383ABD29): 26
LogDevObjectVersion:   Dev-Sequencer (7B5AE74C-D270-4C10-A958-57980B212A5A): 9
LogDevObjectVersion:   Dev-VR (D7296918-1DD6-4BDD-9DE2-64A83CC13884): 2
LogDevObjectVersion:   Dev-LoadTimes (C2A15278-BFE7-4AFE-6C17-90FF531DF755): 1
LogDevObjectVersion:   Private-Geometry (6EACA3D4-40EC-4CC1-B786-8BED09428FC5): 3
LogDevObjectVersion:   Dev-AnimPhys (29E575DD-E0A3-4627-9D10-D276232CDCEA): 17
LogDevObjectVersion:   Dev-ReflectionCapture (6B266CEC-1EC7-4B8F-A30B-E4D90942FC07): 1
LogDevObjectVersion:   Dev-Automation (0DF73D61-A23F-47EA-B727-89E90C41499A): 1
LogDevObjectVersion:   FortniteMain (601D1886-AC64-4F84-AA16-D3DE0DEAC7D6): 12
LogDevObjectVersion:   Dev-Enterprise (9DFFBCD6-494F-0158-E221-12823C92A888): 1
LogStreaming: Display: Took  0.002s to delete old logs.
LogInit: Presizing for max 8388607 objects, including 0 objects not considered by GC, pre-allocating 0 bytes for permanent pool.
LogInit: Object subsystem initialized
[2020.06.06-08.34.10:637][  0]LogInit: Selected Device Profile: [Windows]
[2020.06.06-08.34.10:638][  0]LogInit: Applying CVar settings loaded from the selected device profile: [Windows]
[2020.06.06-08.34.10:702][  0]LogHAL: Display: Platform has ~ 16 GB [17066790912 / 17179869184 / 16], which maps to Larger [LargestMinGB=32, LargerMinGB=12, DefaultMinGB=8, SmallerMinGB=6, SmallestMinGB=0)
[2020.06.06-08.34.10:711][  0]LogInit: Setting Device Profile CVar: [[r.Vulkan.UseRealUBs:1]]
[2020.06.06-08.34.10:711][  0]LogInit: Going up to parent DeviceProfile []
[2020.06.06-08.34.10:749][  0]LogInit: Computer: LAPTOP-2E2LEE5I
[2020.06.06-08.34.10:749][  0]LogInit: User: Aleks
[2020.06.06-08.34.10:749][  0]LogInit: CPU Page size=4096, Cores=4
[2020.06.06-08.34.10:749][  0]LogInit: High frequency timer resolution =10.000000 MHz
[2020.06.06-08.34.10:750][  0]LogMemory: Memory total: Physical=15.9GB (16GB approx)
[2020.06.06-08.34.10:750][  0]LogMemory: Platform Memory Stats for Windows
[2020.06.06-08.34.10:750][  0]LogMemory: Process Physical Memory: 103.62 MB used, 103.62 MB peak
[2020.06.06-08.34.10:750][  0]LogMemory: Process Virtual Memory: 84.25 MB used, 84.25 MB peak
[2020.06.06-08.34.10:750][  0]LogMemory: Physical Memory: 10332.80 MB used,  5943.36 MB free, 16276.16 MB total
[2020.06.06-08.34.10:750][  0]LogMemory: Virtual Memory: 4609.18 MB used,  5943.36 MB free, 134217728.00 MB total
[2020.06.06-08.34.11:494][  0]LogInit: Using OS detected language (pl-PL).
[2020.06.06-08.34.11:494][  0]LogInit: Using OS detected locale (pl-PL).
[2020.06.06-08.34.11:559][  0]LogTextLocalizationManager: No specific localization for 'pl-PL' exists, so the 'pl' localization will be used.
[2020.06.06-08.34.11:723][  0]LogStreaming: Display: Took  0.203s to InitEngineTextLocalization.
[2020.06.06-08.34.11:730][  0]LogInit: Setting process to per monitor DPI aware
[2020.06.06-08.34.12:419][  0]LogSlate: New Slate User Created.  User Index 0, Is Virtual User: 0
[2020.06.06-08.34.12:419][  0]LogSlate: Slate User Registered.  User Index 0, Is Virtual User: 0
[2020.06.06-08.34.15:696][  0]LogHMD: Failed to initialize OpenVR with code 110
[2020.06.06-08.34.15:696][  0]LogD3D11RHI: D3D11 adapters:
[2020.06.06-08.34.15:878][  0]LogD3D11RHI:    0. 'NVIDIA GeForce GTX 1050' (Feature Level 11_0)
[2020.06.06-08.34.15:878][  0]LogD3D11RHI:       4021/0/8138 MB DedicatedVideo/DedicatedSystem/SharedSystem, Outputs:2, VendorId:0x10de
[2020.06.06-08.34.15:933][  0]LogD3D11RHI:    1. 'Intel(R) HD Graphics 630' (Feature Level 11_0)
[2020.06.06-08.34.15:933][  0]LogD3D11RHI:       128/0/8138 MB DedicatedVideo/DedicatedSystem/SharedSystem, Outputs:0, VendorId:0x8086
[2020.06.06-08.34.15:949][  0]LogD3D11RHI:    2. 'Microsoft Basic Render Driver' (Feature Level 11_0)
[2020.06.06-08.34.15:949][  0]LogD3D11RHI:       0/0/8138 MB DedicatedVideo/DedicatedSystem/SharedSystem, Outputs:0, VendorId:0x1414
[2020.06.06-08.34.15:949][  0]LogD3D11RHI: Chosen D3D11 Adapter: 0
[2020.06.06-08.34.15:989][  0]LogD3D11RHI: Creating new Direct3DDevice
[2020.06.06-08.34.15:990][  0]LogD3D11RHI:     GPU DeviceId: 0x1c8d (for the marketing name, search the web for "GPU Device Id")
[2020.06.06-08.34.15:990][  0]LogWindows: EnumDisplayDevices:
[2020.06.06-08.34.15:990][  0]LogWindows:    0. 'Intel(R) HD Graphics 630' (P:1 D:1)
[2020.06.06-08.34.15:990][  0]LogWindows:    1. 'Intel(R) HD Graphics 630' (P:0 D:1)
[2020.06.06-08.34.15:991][  0]LogWindows:    2. 'Intel(R) HD Graphics 630' (P:0 D:0)
[2020.06.06-08.34.15:991][  0]LogWindows: DebugString: PrimaryIsNotTheChoosenAdapter PrimaryIsNotTheChoosenAdapter PrimaryIsNotTheChoosenAdapter FoundDriverCount:0 
[2020.06.06-08.34.15:991][  0]LogD3D11RHI:     Adapter Name: NVIDIA GeForce GTX 1050
[2020.06.06-08.34.15:991][  0]LogD3D11RHI:   Driver Version: Unknown (internal:Unknown, unified:Unknown)
[2020.06.06-08.34.15:991][  0]LogD3D11RHI:      Driver Date: Unknown
[2020.06.06-08.34.15:992][  0]LogRHI: Texture pool is 2814 MB (70% of 4021 MB)
[2020.06.06-08.34.16:095][  0]LogD3D11RHI: Async texture creation enabled
[2020.06.06-08.34.16:321][  0]LogD3D11RHI: GPU Timing Frequency: 1000.000000 (Debug: 2 2)
[2020.06.06-08.34.16:355][  0]LogShaderCompilers: Guid format shader working directory is -10 characters bigger than the processId version (C:/Users/Aleks/Documents/Ball-Runner/AleksandraPiasecka/Intermediate/Shaders/WorkingDirectory/19344/).
[2020.06.06-08.34.16:355][  0]LogShaderCompilers: Cleaned the shader compiler working directory 'C:/Users/Aleks/AppData/Local/Temp/UnrealShaderWorkingDir/8963944D49E53B5E2AEC23B9FDB1AB90/'.
[2020.06.06-08.34.18:165][  0]LogTemp: Display: Loaded TP AllDesktopTargetPlatform
[2020.06.06-08.34.18:215][  0]LogTemp: Display: Loaded TP MacClientTargetPlatform
[2020.06.06-08.34.18:240][  0]LogTemp: Display: Loaded TP MacNoEditorTargetPlatform
[2020.06.06-08.34.18:265][  0]LogTemp: Display: Loaded TP MacServerTargetPlatform
[2020.06.06-08.34.18:316][  0]LogTemp: Display: Loaded TP MacTargetPlatform
[2020.06.06-08.34.18:366][  0]LogTemp: Display: Loaded TP WindowsClientTargetPlatform
[2020.06.06-08.34.18:393][  0]LogTemp: Display: Loaded TP WindowsNoEditorTargetPlatform
[2020.06.06-08.34.18:421][  0]LogTemp: Display: Loaded TP WindowsServerTargetPlatform
[2020.06.06-08.34.18:438][  0]LogTemp: Display: Loaded TP WindowsTargetPlatform
[2020.06.06-08.34.18:606][  0]LogTemp: Display: Loaded TP AndroidTargetPlatform
[2020.06.06-08.34.18:606][  0]LogTemp: Display: Loaded TP AndroidTargetPlatform
[2020.06.06-08.34.18:606][  0]LogTemp: Display: Loaded TP AndroidTargetPlatform
[2020.06.06-08.34.18:606][  0]LogTemp: Display: Loaded TP AndroidTargetPlatform
[2020.06.06-08.34.18:606][  0]LogTemp: Display: Loaded TP AndroidTargetPlatform
[2020.06.06-08.34.18:606][  0]LogTemp: Display: Loaded TP AndroidTargetPlatform
[2020.06.06-08.34.18:606][  0]LogTemp: Display: Loaded TP AndroidTargetPlatform
[2020.06.06-08.34.18:606][  0]LogTemp: Display: Loaded TP AndroidTargetPlatform
[2020.06.06-08.34.18:606][  0]LogTemp: Display: Loaded TP AndroidTargetPlatform
[2020.06.06-08.34.18:606][  0]LogTemp: Display: Loaded TP AndroidTargetPlatform
[2020.06.06-08.34.18:606][  0]LogTemp: Display: Loaded TP AndroidTargetPlatform
[2020.06.06-08.34.18:606][  0]LogTemp: Display: Loaded TP AndroidTargetPlatform
[2020.06.06-08.34.18:606][  0]LogTemp: Display: Loaded TP AndroidTargetPlatform
[2020.06.06-08.34.18:606][  0]LogTemp: Display: Loaded TP AndroidTargetPlatform
[2020.06.06-08.34.18:606][  0]LogTemp: Display: Loaded TP AndroidTargetPlatform
[2020.06.06-08.34.18:606][  0]LogTemp: Display: Loaded TP AndroidTargetPlatform
[2020.06.06-08.34.18:606][  0]LogTemp: Display: Loaded TP AndroidTargetPlatform
[2020.06.06-08.34.18:606][  0]LogTemp: Display: Loaded TP AndroidTargetPlatform
[2020.06.06-08.34.18:632][  0]LogTemp: Display: Loaded TP HTML5TargetPlatform
[2020.06.06-08.34.18:788][  0]LogTemp: Display: Loaded TP IOSTargetPlatform
[2020.06.06-08.34.18:788][  0]LogTemp: Display: Loaded TP IOSTargetPlatform
[2020.06.06-08.34.18:837][  0]LogTemp: Display: Loaded TP TVOSTargetPlatform
[2020.06.06-08.34.18:837][  0]LogTemp: Display: Loaded TP TVOSTargetPlatform
[2020.06.06-08.34.18:863][  0]LogTemp: Display: Loaded TP LinuxClientTargetPlatform
[2020.06.06-08.34.18:890][  0]LogTemp: Display: Loaded TP LinuxNoEditorTargetPlatform
[2020.06.06-08.34.18:922][  0]LogTemp: Display: Loaded TP LinuxServerTargetPlatform
[2020.06.06-08.34.18:955][  0]LogTemp: Display: Loaded TP LinuxTargetPlatform
[2020.06.06-08.34.18:991][  0]LogTemp: Display: Loaded TP LuminTargetPlatform
[2020.06.06-08.34.18:991][  0]LogTargetPlatformManager: Display: Building Assets For Windows
[2020.06.06-08.34.20:054][  0]LogXGEController: Cleaning working directory: C:/Users/Aleks/AppData/Local/Temp/UnrealXGEWorkingDir/
[2020.06.06-08.34.20:054][  0]LogXGEController: Cannot use XGE Controller as Incredibuild is not installed on this machine.
[2020.06.06-08.34.20:054][  0]LogShaderCompilers: Cannot use XGE Shader Compiler as Incredibuild is not installed on this machine.
[2020.06.06-08.34.20:054][  0]LogShaderCompilers: Display: Using Local Shader Compiler.
[2020.06.06-08.34.23:919][  0]LogDerivedDataCache: Display: Max Cache Size: 512 MB
[2020.06.06-08.34.24:980][  0]LogDerivedDataCache: Loaded boot cache 1.06s 71MB C:/Users/Aleks/AppData/Local/UnrealEngine/4.20/DerivedDataCache/Boot.ddc.
[2020.06.06-08.34.24:981][  0]LogDerivedDataCache: Display: Loaded Boot cache: C:/Users/Aleks/AppData/Local/UnrealEngine/4.20/DerivedDataCache/Boot.ddc
[2020.06.06-08.34.24:981][  0]LogDerivedDataCache: FDerivedDataBackendGraph:  Pak pak cache file C:/Users/Aleks/Documents/Ball-Runner/AleksandraPiasecka/DerivedDataCache/DDC.ddp not found, will not use a pak cache.
[2020.06.06-08.34.24:981][  0]LogDerivedDataCache: Unable to find inner node Pak for hierarchical cache Hierarchy.
[2020.06.06-08.34.24:981][  0]LogDerivedDataCache: FDerivedDataBackendGraph:  CompressedPak pak cache file C:/Users/Aleks/Documents/Ball-Runner/AleksandraPiasecka/DerivedDataCache/Compressed.ddp not found, will not use a pak cache.
[2020.06.06-08.34.24:981][  0]LogDerivedDataCache: Unable to find inner node CompressedPak for hierarchical cache Hierarchy.
[2020.06.06-08.34.25:161][  0]LogDerivedDataCache: Display: Pak cache opened for reading ../../../Engine/DerivedDataCache/Compressed.ddp.
[2020.06.06-08.34.25:175][  0]LogDerivedDataCache: Using Local data cache path C:/Users/Aleks/AppData/Local/UnrealEngine/Common/DerivedDataCache: Writable
[2020.06.06-08.34.25:175][  0]LogDerivedDataCache: Shared data cache path not found in *engine.ini, will not use an Shared cache.
[2020.06.06-08.34.25:175][  0]LogDerivedDataCache: Unable to find inner node Shared for hierarchical cache Hierarchy.
[2020.06.06-08.34.25:430][  0]LogMaterial: Verifying Global Shaders for PCD3D_SM5
[2020.06.06-08.34.25:579][  0]LogSlate: Using FreeType 2.6.0
[2020.06.06-08.34.25:692][  0]LogSlate: SlateFontServices - WITH_FREETYPE: 1, WITH_HARFBUZZ: 1
[2020.06.06-08.34.28:116][  0]LogAssetRegistry: FAssetRegistry took 0.0435 seconds to start up
[2020.06.06-08.34.29:893][  0]LogInit: Selected Device Profile: [Windows]
[2020.06.06-08.34.31:959][  0]LogSimplygon: Simplygon DLL not present - disabling.
[2020.06.06-08.34.32:125][  0]LogMeshReduction: Using SimplygonSwarm for distributed automatic mesh merging
[2020.06.06-08.34.32:126][  0]LogMeshReduction: Using ProxyLODMeshReduction for automatic mesh merging
[2020.06.06-08.34.32:126][  0]LogMeshReduction: Using QuadricMeshReduction for automatic static mesh reduction
[2020.06.06-08.34.32:126][  0]LogMeshReduction: No automatic skeletal mesh reduction module available
[2020.06.06-08.34.32:444][  0]LogNetVersion: AleksandraPiasecka 1.0.0, NetCL: 4212847, EngineNetVer: 5, GameNetVer: 0 (Checksum: 2078777456)
[2020.06.06-08.34.36:489][  0]LogPackageLocalizationCache: Processed 11 localized package path(s) for 2 prioritized culture(s) in 0.196012 seconds
[2020.06.06-08.34.36:536][  0]LogUObjectArray: 38425 objects as part of root set at end of initial load.
[2020.06.06-08.34.36:536][  0]LogUObjectAllocator: 6690872 out of 0 bytes used by permanent object pool.
[2020.06.06-08.34.36:536][  0]LogUObjectArray: CloseDisregardForGC: 0/0 objects in disregard for GC pool
[2020.06.06-08.35.02:676][  0]LogTcpMessaging: Initializing TcpMessaging bridge
[2020.06.06-08.35.02:725][  0]LogUdpMessaging: Initializing bridge on interface 0.0.0.0:0 to multicast group 230.0.0.1:6666.
[2020.06.06-08.35.04:112][  0]SourceControl: Source control is disabled
[2020.06.06-08.35.04:123][  0]SourceControl: Source control is disabled
[2020.06.06-08.35.04:236][  0]SourceControl: Source control is disabled
[2020.06.06-08.35.04:265][  0]SourceControl: Source control is disabled
[2020.06.06-08.35.06:079][  0]LogAndroidPermission: UAndroidPermissionCallbackProxy::GetInstance
[2020.06.06-08.35.06:459][  0]LogOcInput: OculusInput pre-init called
[2020.06.06-08.35.07:100][  0]LogEngine: Initializing Engine...
[2020.06.06-08.35.07:120][  0]LogHMD: Failed to initialize OpenVR with code 110
[2020.06.06-08.35.07:124][  0]LogStats: UGameplayTagsManager::ConstructGameplayTagTree: ImportINI prefixes -  0.000 s
[2020.06.06-08.35.07:124][  0]LogStats: UGameplayTagsManager::ConstructGameplayTagTree: Construct from data asset -  0.000 s
[2020.06.06-08.35.07:124][  0]LogStats: UGameplayTagsManager::ConstructGameplayTagTree: ImportINI -  0.000 s
[2020.06.06-08.35.07:124][  0]LogStats: UGameplayTagsManager::ConstructGameplayTagTree: GameplayTagTreeChangedEvent.Broadcast -  0.000 s
[2020.06.06-08.35.07:936][  0]LogInit: Initializing FReadOnlyCVARCache
[2020.06.06-08.35.08:253][  0]LogAIModule: Creating AISystem for world Untitled
[2020.06.06-08.35.08:381][  0]LogInit: XAudio2 using 'Głośniki (Realtek High Definition Audio)' : 2 channels at 48 kHz using 32 bits per sample (channel mask 0x3)
[2020.06.06-08.35.08:473][  0]LogInit: FAudioDevice initialized.
[2020.06.06-08.35.08:473][  0]LogNetVersion: Set ProjectVersion to 1.0.0.0. Version Checksum will be recalculated on next use.
[2020.06.06-08.35.08:667][  0]LogDerivedDataCache: Saved boot cache 0.19s 71MB C:/Users/Aleks/AppData/Local/UnrealEngine/4.20/DerivedDataCache/Boot.ddc.
[2020.06.06-08.35.08:668][  0]LogInit: Texture streaming: Enabled
[2020.06.06-08.35.09:894][  0]LogEngineSessionManager: EngineSessionManager initialized
[2020.06.06-08.35.09:972][  0]LogInit: Transaction tracking system initialized
[2020.06.06-08.35.10:467][  0]BlueprintLog: New page: Editor Load
[2020.06.06-08.35.11:690][  0]LocalizationService: Localization service is disabled
[2020.06.06-08.35.14:639][  0]LogFileCache: Scanning file cache for directory 'C:/Users/Aleks/Documents/Ball-Runner/AleksandraPiasecka/Content/' took 0.02s
[2020.06.06-08.35.14:639][  0]LogCook: Display: Max memory allowance for cook 16384mb min free memory 0mb
[2020.06.06-08.35.14:649][  0]LogCook: Display: Mobile HDR setting 1
[2020.06.06-08.35.14:649][  0]LogGameplayTags: Display: UGameplayTagsManager::DoneAddingNativeTags. DelegateIsBound: 0
[2020.06.06-08.35.14:649][  0]LogStats: UGameplayTagsManager::ConstructGameplayTagTree: ImportINI prefixes -  0.000 s
[2020.06.06-08.35.14:649][  0]LogStats: UGameplayTagsManager::ConstructGameplayTagTree: Construct from data asset -  0.000 s
[2020.06.06-08.35.14:649][  0]LogStats: UGameplayTagsManager::ConstructGameplayTagTree: ImportINI -  0.000 s
[2020.06.06-08.35.14:649][  0]LogStats: UGameplayTagsManager::ConstructGameplayTagTree: GameplayTagTreeChangedEvent.Broadcast -  0.000 s
[2020.06.06-08.35.17:169][  0]SourceControl: Source control is disabled
[2020.06.06-08.35.17:182][  0]Cmd: MAP LOAD FILE="C:/Users/Aleks/Documents/Ball-Runner/AleksandraPiasecka/Content/Levels/MainLevel.umap" TEMPLATE=0 SHOWPROGRESS=1 FEATURELEVEL=3
[2020.06.06-08.35.17:190][  0]LightingResults: New page: Lighting Build
[2020.06.06-08.35.17:280][  0]MapCheck: New page: Map Check
[2020.06.06-08.35.17:280][  0]LightingResults: New page: Lighting Build
[2020.06.06-08.35.19:464][  0]LogAIModule: Creating AISystem for world MainLevel
[2020.06.06-08.35.19:771][  0]LogEditorServer: Finished looking for orphan Actors (0.000 secs)
[2020.06.06-08.35.19:842][  0]Cmd: MAP CHECKDEP NOCLEARLOG
[2020.06.06-08.35.19:891][  0]MapCheck: Map check complete: 0 Error(s), 0 Warning(s), took 49,085ms to complete.
[2020.06.06-08.35.19:891][  0]LogFileHelpers: Loading map 'MainLevel' took 2.722
[2020.06.06-08.35.21:015][  0]LogSlate: Updating window title bar state: overlay mode, drag disabled, window buttons hidden, title bar hidden
[2020.06.06-08.35.21:032][  0]LogSlate: Updating window title bar state: overlay mode, drag disabled, window buttons hidden, title bar hidden
[2020.06.06-08.35.21:046][  0]LogSlate: Updating window title bar state: overlay mode, drag disabled, window buttons hidden, title bar hidden
[2020.06.06-08.35.21:058][  0]LogSlate: Updating window title bar state: overlay mode, drag disabled, window buttons hidden, title bar hidden
[2020.06.06-08.35.21:166][  0]LogCollectionManager: Loaded 0 collections in 0.001059 seconds
[2020.06.06-08.35.21:282][  0]LogFileCache: Scanning file cache for directory 'C:/Users/Aleks/Documents/Ball-Runner/AleksandraPiasecka/Saved/Collections/' took 0.01s
[2020.06.06-08.35.21:282][  0]LogFileCache: Scanning file cache for directory 'C:/Users/Aleks/Documents/Ball-Runner/AleksandraPiasecka/Content/Developers/Aleks/Collections/' took 0.01s
[2020.06.06-08.35.21:282][  0]LogFileCache: Scanning file cache for directory 'C:/Users/Aleks/Documents/Ball-Runner/AleksandraPiasecka/Content/Collections/' took 0.01s
[2020.06.06-08.35.21:282][  0]LogCollectionManager: Rebuilt the GUID cache for 0 collections in 0.000001 seconds
[2020.06.06-08.35.21:303][  0]LogContentBrowser: Native class hierarchy populated in 0.0171 seconds. Added 2573 classes and 605 folders.
[2020.06.06-08.35.21:341][  0]LogContentBrowser: Native class hierarchy updated for 'WidgetCarousel' in 0.0003 seconds. Added 0 classes and 0 folders.
[2020.06.06-08.35.23:237][  0]LogContentBrowser: Native class hierarchy updated for 'AddContentDialog' in 0.0003 seconds. Added 0 classes and 0 folders.
[2020.06.06-08.35.23:980][  0]LogSlate: Took 0.021253 seconds to synchronously load lazily loaded font '../../../Engine/Content/Slate/Fonts/Roboto-Regular.ttf' (155K)
[2020.06.06-08.35.24:046][  0]LogSlate: Took 0.029048 seconds to synchronously load lazily loaded font '../../../Engine/Content/Slate/Fonts/Roboto-Bold.ttf' (160K)
[2020.06.06-08.35.24:096][  0]LogSlate: Took 0.014026 seconds to synchronously load lazily loaded font '../../../Engine/Content/Editor/Slate/Fonts/FontAwesome.ttf' (139K)
[2020.06.06-08.35.24:433][  0]LogRenderer: Reallocating scene render targets to support 772x432 Format 10 NumSamples 1 (Frame:1).
[2020.06.06-08.35.24:893][  0]LogContentBrowser: Native class hierarchy updated for 'HierarchicalLODOutliner' in 0.0003 seconds. Added 0 classes and 0 folders.
[2020.06.06-08.35.24:893][  0]LogLoad: (Engine Initialization) Total time: 96.83 seconds
[2020.06.06-08.35.24:893][  0]LogLoad: (Engine Initialization) Total Blueprint compile time: 0.00 seconds
[2020.06.06-08.35.25:022][  0]LogContentStreaming: Texture pool size now 1000 MB
[2020.06.06-08.35.25:129][  0]LogRenderer: Reallocating scene render targets to support 772x444 Format 10 NumSamples 1 (Frame:2).
[2020.06.06-08.35.25:129][  0]LogSlate: Took 0.013383 seconds to synchronously load lazily loaded font '../../../Engine/Content/Slate/Fonts/Roboto-Light.ttf' (167K)
[2020.06.06-08.35.25:302][  1]LogAssetRegistry: Asset discovery search completed in 57.2098 seconds
[2020.06.06-08.35.25:304][  1]LogCollectionManager: Rebuilt the object cache for 0 collections in 0.000000 seconds (found 0 objects)
[2020.06.06-08.35.25:304][  1]LogCollectionManager: Fixed up redirectors for 0 collections in 0.000101 seconds (updated 0 objects)
[2020.06.06-08.35.25:960][ 36]LogSlate: Took 0.000251 seconds to synchronously load lazily loaded font '../../../Engine/Content/Slate/Fonts/Roboto-Light.ttf' (167K)
[2020.06.06-08.43.14:348][840]LogSlate: FSceneViewport::OnFocusLost() reason 0
[2020.06.06-08.43.14:427][840]LogAssetEditorManager: Opening Asset editor for Blueprint /Game/Blueprints/BP_PlayerPawn.BP_PlayerPawn
[2020.06.06-08.43.15:769][840]LogContentBrowser: Native class hierarchy updated for 'BlueprintGraph' in 0.0021 seconds. Added 116 classes and 0 folders.
[2020.06.06-08.43.17:483][840]LogSlate: Took 0.030886 seconds to synchronously load lazily loaded font '../../../Engine/Content/Slate/Fonts/Roboto-BoldCondensed.ttf' (158K)
[2020.06.06-08.43.52:858][140]LogSlate: Took 0.017359 seconds to synchronously load lazily loaded font '../../../Engine/Content/Slate/Fonts/Roboto-Italic.ttf' (157K)
[2020.06.06-08.43.57:611][274]LogSlate: Only BGRA pngs, bmps or icos are supported in by External Image Picker
[2020.06.06-08.43.57:727][275]LogTemp: Executing iPhonePackager certificates Engine -bundlename com.YourCompany.AleksandraPiasecka
[2020.06.06-08.43.57:727][275]LogTemp: CWD: E:\Program Files\UE_4.20\Engine\Binaries\DotNET\IOS
[2020.06.06-08.43.57:727][275]LogTemp: Initial Dir: E:\Program Files\UE_4.20
[2020.06.06-08.43.57:727][275]LogTemp: Env CWD: E:\Program Files\UE_4.20\Engine\Binaries\DotNET\IOS
[2020.06.06-08.43.57:727][275]LogTemp: BranchPath = LAPTOP-2E2LEE5I/E/Program Files/UE_4.20/Engine/Binaries --- GameBranchPath = LAPTOP-2E2LEE5I/E/Program Files/UE_4.20/Engine/Binaries
[2020.06.06-08.43.57:766][276]LogTemp: IPP ERROR: Could not find provision directory 'C:\Users\Aleks\AppData\Local/Apple Computer/MobileDevice/Provisioning Profiles/'.
[2020.06.06-08.50.01:967][318]LogSlate: Window 'Project Settings' being destroyed
[2020.06.06-08.50.01:979][318]LogSlate: Window 'Project Settings' being destroyed
[2020.06.06-08.51.19:727][686]LogFileHelpers: Editor autosave (incl. sublevels) for '/Game/Levels/MainLevel' took 0.072
[2020.06.06-08.51.19:749][686]OBJ SavePackage: Generating thumbnails for [1] asset(s) in package [/Game/Blueprints/BP_PlayerPawn] ([1] browsable assets)...
[2020.06.06-08.51.19:790][686]OBJ SavePackage:     Rendered thumbnail for [Blueprint /Game/Blueprints/BP_PlayerPawn.BP_PlayerPawn]
[2020.06.06-08.51.19:790][686]OBJ SavePackage: Finished generating thumbnails for package [/Game/Blueprints/BP_PlayerPawn]
[2020.06.06-08.51.19:904][686]LogSavePackage: Moving 'C:/Users/Aleks/Documents/Ball-Runner/AleksandraPiasecka/Saved/BP_PlayerPawn_Auto11A1979F44CF2BA78C5F1ED891FA857F0.tmp' to 'C:/Users/Aleks/Documents/Ball-Runner/AleksandraPiasecka/Saved/Autosaves/Game/Blueprints/BP_PlayerPawn_Auto1.uasset'
[2020.06.06-08.51.19:915][686]LogFileHelpers: Auto-saving content packages took 0.182
[2020.06.06-08.54.29:914][ 13]LogSlate: Only BGRA pngs, bmps or icos are supported in by External Image Picker
[2020.06.06-08.54.30:086][ 20]LogTemp: Executing iPhonePackager certificates Engine -bundlename com.YourCompany.AleksandraPiasecka
[2020.06.06-08.54.30:086][ 20]LogTemp: CWD: E:\Program Files\UE_4.20\Engine\Binaries\DotNET\IOS
[2020.06.06-08.54.30:086][ 20]LogTemp: Initial Dir: E:\Program Files\UE_4.20
[2020.06.06-08.54.30:086][ 20]LogTemp: Env CWD: E:\Program Files\UE_4.20\Engine\Binaries\DotNET\IOS
[2020.06.06-08.54.30:086][ 20]LogTemp: BranchPath = LAPTOP-2E2LEE5I/E/Program Files/UE_4.20/Engine/Binaries --- GameBranchPath = LAPTOP-2E2LEE5I/E/Program Files/UE_4.20/Engine/Binaries
[2020.06.06-08.54.30:103][ 21]LogTemp: IPP ERROR: Could not find provision directory 'C:\Users\Aleks\AppData\Local/Apple Computer/MobileDevice/Provisioning Profiles/'.
[2020.06.06-08.56.25:729][943]LogSlate: Window 'Project Settings' being destroyed
[2020.06.06-08.56.25:734][943]LogSlate: Window 'Project Settings' being destroyed
[2020.06.06-09.01.26:725][127]LogFileHelpers: Editor autosave (incl. sublevels) for '/Game/Levels/MainLevel' took 0.129
[2020.06.06-09.01.26:731][127]OBJ SavePackage: Generating thumbnails for [1] asset(s) in package [/Game/Blueprints/BP_PlayerPawn] ([1] browsable assets)...
[2020.06.06-09.01.26:771][127]OBJ SavePackage:     Rendered thumbnail for [Blueprint /Game/Blueprints/BP_PlayerPawn.BP_PlayerPawn]
[2020.06.06-09.01.26:771][127]OBJ SavePackage: Finished generating thumbnails for package [/Game/Blueprints/BP_PlayerPawn]
[2020.06.06-09.01.26:796][127]LogSavePackage: Moving 'C:/Users/Aleks/Documents/Ball-Runner/AleksandraPiasecka/Saved/BP_PlayerPawn_Auto2828297AA426BC585D22967996549ACB5.tmp' to 'C:/Users/Aleks/Documents/Ball-Runner/AleksandraPiasecka/Saved/Autosaves/Game/Blueprints/BP_PlayerPawn_Auto2.uasset'
[2020.06.06-09.01.26:798][127]LogFileHelpers: Auto-saving content packages took 0.070
[2020.06.06-09.02.55:221][215]LogTemp: Repeating last play command: Selected Viewport
[2020.06.06-09.02.55:411][215]BlueprintLog: New page: Pre-Play auto-recompile
[2020.06.06-09.02.55:438][215]LogPlayLevel: [PlayLevel] Compiling BP_PlayerPawn before play...
[2020.06.06-09.02.55:887][215]LogPlayLevel: PlayLevel: Blueprint regeneration took 477 ms (1 blueprints)
[2020.06.06-09.02.56:011][215]PIE: New page: PIE session: MainLevel (6 cze 2020, 13:02:55)
[2020.06.06-09.02.56:020][215]LogPlayLevel: Creating play world package: /Game/Levels/UEDPIE_0_MainLevel
[2020.06.06-09.02.56:056][215]LogPlayLevel: PIE: StaticDuplicateObject took: (0.036584s)
[2020.06.06-09.02.56:057][215]LogAIModule: Creating AISystem for world MainLevel
[2020.06.06-09.02.56:057][215]LogPlayLevel: PIE: World Init took: (0.001029s)
[2020.06.06-09.02.56:057][215]LogPlayLevel: PIE: Created PIE world by copying editor world from /Game/Levels/MainLevel.MainLevel to /Game/Levels/UEDPIE_0_MainLevel.MainLevel (0.038415s)
[2020.06.06-09.02.56:147][215]LogInit: XAudio2 using 'Głośniki (Realtek High Definition Audio)' : 2 channels at 48 kHz using 32 bits per sample (channel mask 0x3)
[2020.06.06-09.02.56:169][215]LogInit: FAudioDevice initialized.
[2020.06.06-09.02.56:191][215]LogSlate: Updating window title bar state: overlay mode, drag disabled, window buttons hidden, title bar hidden
[2020.06.06-09.02.56:350][215]LogLoad: Game class is 'BP_GameMode_C'
[2020.06.06-09.02.56:435][215]LogWorld: Bringing World /Game/Levels/UEDPIE_0_MainLevel.MainLevel up for play (max tick rate 60) at 2020.06.06-11.02.56
[2020.06.06-09.02.56:459][215]LogWorld: Bringing up level for play took: 0.026350
[2020.06.06-09.02.56:571][215]LogContentBrowser: Native class hierarchy updated for 'MovieSceneCapture' in 0.0009 seconds. Added 10 classes and 0 folders.
[2020.06.06-09.02.56:600][215]PIE: Play in editor start time for /Game/Levels/UEDPIE_0_MainLevel 0,629
[2020.06.06-09.02.56:708][215]LogRenderer: Reallocating scene render targets to support 1024x576 Format 10 NumSamples 1 (Frame:1).
[2020.06.06-09.03.00:246][417]LogSlate: Updating window title bar state: overlay mode, drag disabled, window buttons hidden, title bar hidden
[2020.06.06-09.03.00:299][417]LogSlate: Window 'AleksandraPiasecka Game Preview Standalone (64-bit/PCD3D_SM5)' being destroyed
[2020.06.06-09.03.00:381][417]LogPlayLevel: Display: Shutting down PIE online subsystems
[2020.06.06-09.03.00:441][418]LogPlayLevel: Display: Destroying online subsystem :Context_5
[2020.06.06-09.11.32:090][904]LogFileHelpers: Editor autosave (incl. sublevels) for '/Game/Levels/MainLevel' took 0.032
[2020.06.06-09.11.32:093][904]OBJ SavePackage: Generating thumbnails for [1] asset(s) in package [/Game/Blueprints/BP_PlayerPawn] ([1] browsable assets)...
[2020.06.06-09.11.32:129][904]OBJ SavePackage:     Rendered thumbnail for [Blueprint /Game/Blueprints/BP_PlayerPawn.BP_PlayerPawn]
[2020.06.06-09.11.32:129][904]OBJ SavePackage: Finished generating thumbnails for package [/Game/Blueprints/BP_PlayerPawn]
[2020.06.06-09.11.32:499][904]LogSavePackage: Moving 'C:/Users/Aleks/Documents/Ball-Runner/AleksandraPiasecka/Saved/BP_PlayerPawn_Auto307337A93487E02EB9D1C48B274E09680.tmp' to 'C:/Users/Aleks/Documents/Ball-Runner/AleksandraPiasecka/Saved/Autosaves/Game/Blueprints/BP_PlayerPawn_Auto3.uasset'
[2020.06.06-09.11.32:501][904]LogFileHelpers: Auto-saving content packages took 0.409
[2020.06.06-09.14.56:099][592]Cmd: OBJ SAVEPACKAGE PACKAGE="/Game/Blueprints/BP_PlayerPawn" FILE="C:/Users/Aleks/Documents/Ball-Runner/AleksandraPiasecka/Content/Blueprints/BP_PlayerPawn.uasset" SILENT=true
[2020.06.06-09.14.56:135][592]LogSavePackage: Moving 'C:/Users/Aleks/Documents/Ball-Runner/AleksandraPiasecka/Saved/BP_PlayerPawn00D537DD45A6E0BDCF32CD908798326B.tmp' to 'C:/Users/Aleks/Documents/Ball-Runner/AleksandraPiasecka/Content/Blueprints/BP_PlayerPawn.uasset'
[2020.06.06-09.16.26:174][160]LogEditorViewport: Clicking on Actor (LMB): PlayerStart (PlayerStart)
[2020.06.06-09.16.31:835][485]LogSlate: FSceneViewport::OnFocusLost() reason 0
[2020.06.06-09.16.40:954][998]LogSlate: FSceneViewport::OnFocusLost() reason 0
[2020.06.06-09.16.57:471][918]LogSlate: FSceneViewport::OnFocusLost() reason 2
[2020.06.06-09.17.06:834][472]LogSlate: FSceneViewport::OnFocusLost() reason 2
[2020.06.06-09.17.14:546][926]LogSlate: Window 'Reference Viewer' being destroyed
[2020.06.06-09.17.14:552][926]LogSlate: Window 'Reference Viewer' being destroyed
[2020.06.06-09.17.15:770][992]LogSlate: FSceneViewport::OnFocusLost() reason 0
[2020.06.06-09.22.44:337][ 57]LogFileHelpers: Editor autosave (incl. sublevels) for '/Game/Levels/MainLevel' took 0.029
[2020.06.06-09.22.44:339][ 57]OBJ SavePackage: Generating thumbnails for [1] asset(s) in package [/Game/Blueprints/BP_PlayerPawn] ([1] browsable assets)...
[2020.06.06-09.22.44:358][ 57]OBJ SavePackage:     Rendered thumbnail for [Blueprint /Game/Blueprints/BP_PlayerPawn.BP_PlayerPawn]
[2020.06.06-09.22.44:358][ 57]OBJ SavePackage: Finished generating thumbnails for package [/Game/Blueprints/BP_PlayerPawn]
[2020.06.06-09.22.44:385][ 57]LogSavePackage: Moving 'C:/Users/Aleks/Documents/Ball-Runner/AleksandraPiasecka/Saved/BP_PlayerPawn_Auto47A4590FA45E99B4A0F49D4A4C9576DE7.tmp' to 'C:/Users/Aleks/Documents/Ball-Runner/AleksandraPiasecka/Saved/Autosaves/Game/Blueprints/BP_PlayerPawn_Auto4.uasset'
[2020.06.06-09.22.44:386][ 57]LogFileHelpers: Auto-saving content packages took 0.047
[2020.06.06-09.46.29:126][622]LogFileHelpers: Editor autosave (incl. sublevels) for '/Game/Levels/MainLevel' took 0.027
[2020.06.06-09.46.29:128][622]OBJ SavePackage: Generating thumbnails for [1] asset(s) in package [/Game/Blueprints/BP_PlayerPawn] ([1] browsable assets)...
[2020.06.06-09.46.29:163][622]OBJ SavePackage:     Rendered thumbnail for [Blueprint /Game/Blueprints/BP_PlayerPawn.BP_PlayerPawn]
[2020.06.06-09.46.29:163][622]OBJ SavePackage: Finished generating thumbnails for package [/Game/Blueprints/BP_PlayerPawn]
[2020.06.06-09.46.29:188][622]LogSavePackage: Moving 'C:/Users/Aleks/Documents/Ball-Runner/AleksandraPiasecka/Saved/BP_PlayerPawn_Auto55DA76D20461F83FF6C6CCD8E8230E6F6.tmp' to 'C:/Users/Aleks/Documents/Ball-Runner/AleksandraPiasecka/Saved/Autosaves/Game/Blueprints/BP_PlayerPawn_Auto5.uasset'
[2020.06.06-09.46.29:190][622]LogFileHelpers: Auto-saving content packages took 0.063
[2020.06.06-09.47.54:444][961]LogSlate: Only BGRA pngs, bmps or icos are supported in by External Image Picker
[2020.06.06-09.47.54:575][964]LogTemp: Executing iPhonePackager certificates Engine -bundlename com.YourCompany.AleksandraPiasecka
[2020.06.06-09.47.54:575][964]LogTemp: CWD: E:\Program Files\UE_4.20\Engine\Binaries\DotNET\IOS
[2020.06.06-09.47.54:575][964]LogTemp: Initial Dir: E:\Program Files\UE_4.20
[2020.06.06-09.47.54:575][964]LogTemp: Env CWD: E:\Program Files\UE_4.20\Engine\Binaries\DotNET\IOS
[2020.06.06-09.47.54:579][964]LogTemp: BranchPath = LAPTOP-2E2LEE5I/E/Program Files/UE_4.20/Engine/Binaries --- GameBranchPath = LAPTOP-2E2LEE5I/E/Program Files/UE_4.20/Engine/Binaries
[2020.06.06-09.47.54:606][964]LogTemp: IPP ERROR: Could not find provision directory 'C:\Users\Aleks\AppData\Local/Apple Computer/MobileDevice/Provisioning Profiles/'.
[2020.06.06-09.48.46:349][ 60]LogSlate: Window 'Project Settings' being destroyed
[2020.06.06-09.48.46:355][ 60]LogSlate: Window 'Project Settings' being destroyed
[2020.06.06-09.49.37:020][ 82]Cmd: OBJ SAVEPACKAGE PACKAGE="/Game/Blueprints/BP_PlayerPawn" FILE="C:/Users/Aleks/Documents/Ball-Runner/AleksandraPiasecka/Content/Blueprints/BP_PlayerPawn.uasset" SILENT=true
[2020.06.06-09.49.37:044][ 82]LogSavePackage: Moving 'C:/Users/Aleks/Documents/Ball-Runner/AleksandraPiasecka/Saved/BP_PlayerPawn850943AF4C064AA3B4B213AB91DABF4F.tmp' to 'C:/Users/Aleks/Documents/Ball-Runner/AleksandraPiasecka/Content/Blueprints/BP_PlayerPawn.uasset'
[2020.06.06-09.49.44:089][452]LogSlate: Window 'AleksandraPiasecka - Unreal Editor' being destroyed
[2020.06.06-09.49.44:463][453]Cmd: QUIT_EDITOR
[2020.06.06-09.49.44:881][453]LogWindowsTextInputMethodSystem: Display: IME system now deactivated.
[2020.06.06-09.49.44:903][453]LogExit: Preparing to exit.
[2020.06.06-09.49.45:637][453]LogExit: Editor shut down
[2020.06.06-09.49.45:638][453]LogExit: Transaction tracking system shut down
[2020.06.06-09.49.46:734][453]LogExit: Object subsystem successfully closed.
[2020.06.06-09.49.46:864][453]LogShaderCompilers: Display: Shaders left to compile 0
[2020.06.06-09.49.46:886][453]LogD3D11RHI: Shutdown
[2020.06.06-09.49.46:886][453]LogD3D11RHI: CleanupD3DDevice
[2020.06.06-09.49.46:928][453]LogD3D11RHI: ~FD3D11DynamicRHI
[2020.06.06-09.49.47:428][453]LogModuleManager: Shutting down and abandoning module MovieSceneCapture (618)
[2020.06.06-09.49.47:428][453]LogModuleManager: Shutting down and abandoning module Voice (616)
[2020.06.06-09.49.47:428][453]LogModuleManager: Shutting down and abandoning module ExternalImagePicker (614)
[2020.06.06-09.49.47:428][453]LogModuleManager: Shutting down and abandoning module BlueprintGraph (612)
[2020.06.06-09.49.47:428][453]LogModuleManager: Shutting down and abandoning module HierarchicalLODOutliner (610)
[2020.06.06-09.49.47:428][453]LogModuleManager: Shutting down and abandoning module AddContentDialog (608)
[2020.06.06-09.49.47:440][453]LogModuleManager: Shutting down and abandoning module WidgetCarousel (607)
[2020.06.06-09.49.47:440][453]LogModuleManager: Shutting down and abandoning module EditorWidgets (604)
[2020.06.06-09.49.47:440][453]LogModuleManager: Shutting down and abandoning module CollectionManager (602)
[2020.06.06-09.49.47:441][453]LogModuleManager: Shutting down and abandoning module SceneOutliner (600)
[2020.06.06-09.49.47:441][453]LogModuleManager: Shutting down and abandoning module StatsViewer (598)
[2020.06.06-09.49.47:448][453]LogModuleManager: Shutting down and abandoning module FoliageEdit (596)
[2020.06.06-09.49.47:449][453]LogModuleManager: Shutting down and abandoning module LandscapeEditor (594)
[2020.06.06-09.49.47:461][453]LogModuleManager: Shutting down and abandoning module MeshPaintMode (592)
[2020.06.06-09.49.47:461][453]LogModuleManager: Shutting down and abandoning module SceneDepthPickerMode (590)
[2020.06.06-09.49.47:461][453]LogModuleManager: Shutting down and abandoning module ActorPickerMode (588)
[2020.06.06-09.49.47:461][453]LogModuleManager: Shutting down and abandoning module GeometryMode (586)
[2020.06.06-09.49.47:461][453]LogModuleManager: Shutting down and abandoning module TextureAlignMode (584)
[2020.06.06-09.49.47:461][453]LogModuleManager: Shutting down and abandoning module BspMode (582)
[2020.06.06-09.49.47:461][453]LogModuleManager: Shutting down and abandoning module PIEPreviewDeviceProfileSelector (580)
[2020.06.06-09.49.47:471][453]LogModuleManager: Shutting down and abandoning module SequenceRecorderSections (578)
[2020.06.06-09.49.47:471][453]LogModuleManager: Shutting down and abandoning module AutomationWorker (576)
[2020.06.06-09.49.47:471][453]LogModuleManager: Shutting down and abandoning module AudioCaptureEditor (574)
[2020.06.06-09.49.47:472][453]LogModuleManager: Shutting down and abandoning module SequenceRecorder (573)
[2020.06.06-09.49.47:474][453]LogModuleManager: Shutting down and abandoning module MatineeToLevelSequence (570)
[2020.06.06-09.49.47:474][453]LogModuleManager: Shutting down and abandoning module LevelSequenceEditor (568)
[2020.06.06-09.49.47:490][453]LogModuleManager: Shutting down and abandoning module PlacementMode (567)
[2020.06.06-09.49.47:490][453]LogModuleManager: Shutting down and abandoning module MaterialEditor (566)
[2020.06.06-09.49.47:519][453]LogModuleManager: Shutting down and abandoning module WmfMediaFactory (562)
[2020.06.06-09.49.47:520][453]LogModuleManager: Shutting down and abandoning module WmfMediaEditor (560)
[2020.06.06-09.49.47:520][453]LogModuleManager: Shutting down and abandoning module MediaPlayerEditor (558)
[2020.06.06-09.49.47:521][453]LogModuleManager: Shutting down and abandoning module OpenExrWrapper (556)
[2020.06.06-09.49.47:521][453]LogModuleManager: Shutting down and abandoning module ImgMediaFactory (554)
[2020.06.06-09.49.47:521][453]LogModuleManager: Shutting down and abandoning module ImgMediaEditor (552)
[2020.06.06-09.49.47:521][453]LogModuleManager: Shutting down and abandoning module AvfMediaFactory (550)
[2020.06.06-09.49.47:521][453]LogModuleManager: Shutting down and abandoning module AvfMediaEditor (548)
[2020.06.06-09.49.47:521][453]LogModuleManager: Shutting down and abandoning module AndroidMediaFactory (546)
[2020.06.06-09.49.47:521][453]LogModuleManager: Shutting down and abandoning module AndroidMediaEditor (544)
[2020.06.06-09.49.47:521][453]LogModuleManager: Shutting down and abandoning module MagicLeapCameraPreviewFactory (542)
[2020.06.06-09.49.47:521][453]LogModuleManager: Shutting down and abandoning module MagicLeapMediaFactory (540)
[2020.06.06-09.49.47:521][453]LogModuleManager: Shutting down and abandoning module MagicLeapMediaEditor (538)
[2020.06.06-09.49.47:522][453]LogModuleManager: Shutting down and abandoning module CharacterAI (536)
[2020.06.06-09.49.47:522][453]LogModuleManager: Shutting down and abandoning module SmartSnapping (534)
[2020.06.06-09.49.47:522][453]LogModuleManager: Shutting down and abandoning module SessionServices (532)
[2020.06.06-09.49.47:522][453]LogModuleManager: Shutting down and abandoning module ViewportSnapping (530)
[2020.06.06-09.49.47:522][453]LogModuleManager: Shutting down and abandoning module ViewportInteraction (528)
[2020.06.06-09.49.47:522][453]LogModuleManager: Shutting down and abandoning module ClothPainter (526)
[2020.06.06-09.49.47:522][453]LogModuleManager: Shutting down and abandoning module SkeletalMeshEditor (525)
[2020.06.06-09.49.47:523][453]LogModuleManager: Shutting down and abandoning module LogVisualizer (522)
[2020.06.06-09.49.47:540][453]LogModuleManager: Shutting down and abandoning module IntroTutorials (520)
[2020.06.06-09.49.47:543][453]LogModuleManager: Shutting down and abandoning module GameProjectGeneration (519)
[2020.06.06-09.49.47:545][453]LogModuleManager: Shutting down and abandoning module LuminPlatformEditor (516)
[2020.06.06-09.49.47:545][453]LogModuleManager: Shutting down and abandoning module IOSPlatformEditor (514)
[2020.06.06-09.49.47:545][453]LogModuleManager: Shutting down and abandoning module HTML5PlatformEditor (512)
[2020.06.06-09.49.47:545][453]LogModuleManager: Shutting down and abandoning module AndroidPlatformEditor (510)
[2020.06.06-09.49.47:545][453]LogModuleManager: Shutting down and abandoning module AndroidDeviceDetection (509)
[2020.06.06-09.49.47:756][453]LogModuleManager: Shutting down and abandoning module WindowsPlatformEditor (506)
[2020.06.06-09.49.47:756][453]LogModuleManager: Shutting down and abandoning module LuminRuntimeSettings (504)
[2020.06.06-09.49.47:756][453]LogModuleManager: Shutting down and abandoning module IOSRuntimeSettings (502)
[2020.06.06-09.49.47:756][453]LogModuleManager: Shutting down and abandoning module AndroidRuntimeSettings (500)
[2020.06.06-09.49.47:756][453]LogModuleManager: Shutting down and abandoning module InputBindingEditor (498)
[2020.06.06-09.49.47:756][453]LogModuleManager: Shutting down and abandoning module MergeActors (496)
[2020.06.06-09.49.47:756][453]LogModuleManager: Shutting down and abandoning module LocalizationDashboard (494)
[2020.06.06-09.49.47:757][453]LogModuleManager: Shutting down and abandoning module LocalizationService (493)
[2020.06.06-09.49.47:758][453]LogModuleManager: Shutting down and abandoning module HardwareTargeting (490)
[2020.06.06-09.49.47:758][453]LogModuleManager: Shutting down and abandoning module DeviceProfileEditor (488)
[2020.06.06-09.49.47:758][453]LogModuleManager: Shutting down and abandoning module UndoHistory (486)
[2020.06.06-09.49.47:758][453]LogModuleManager: Shutting down and abandoning module XmlParser (484)
[2020.06.06-09.49.47:758][453]LogModuleManager: Shutting down and abandoning module Blutility (482)
[2020.06.06-09.49.47:759][453]LogModuleManager: Shutting down and abandoning module ProjectSettingsViewer (480)
[2020.06.06-09.49.47:759][453]LogModuleManager: Shutting down and abandoning module ProjectTargetPlatformEditor (479)
[2020.06.06-09.49.47:760][453]LogModuleManager: Shutting down and abandoning module EditorSettingsViewer (476)
[2020.06.06-09.49.47:760][453]LogModuleManager: Shutting down and abandoning module SettingsEditor (474)
[2020.06.06-09.49.47:783][453]LogModuleManager: Shutting down and abandoning module ProjectLauncher (472)
[2020.06.06-09.49.47:796][453]LogModuleManager: Shutting down and abandoning module SessionFrontend (470)
[2020.06.06-09.49.47:796][453]LogModuleManager: Shutting down and abandoning module ProfilerClient (468)
[2020.06.06-09.49.47:796][453]LogModuleManager: Shutting down and abandoning module DeviceManager (466)
[2020.06.06-09.49.47:797][453]LogModuleManager: Shutting down and abandoning module TargetDeviceServices (465)
[2020.06.06-09.49.47:851][453]LogModuleManager: Shutting down and abandoning module AutomationController (462)
[2020.06.06-09.49.47:851][453]LogModuleManager: Shutting down and abandoning module AutomationWindow (460)
[2020.06.06-09.49.47:851][453]LogModuleManager: Shutting down and abandoning module Layers (458)
[2020.06.06-09.49.47:858][453]LogModuleManager: Shutting down and abandoning module ComponentVisualizers (456)
[2020.06.06-09.49.47:858][453]LogModuleManager: Shutting down and abandoning module DetailCustomizations (454)
[2020.06.06-09.49.47:865][453]LogModuleManager: Shutting down and abandoning module PackagesDialog (452)
[2020.06.06-09.49.47:865][453]LogModuleManager: Shutting down and abandoning module Persona (450)
[2020.06.06-09.49.47:866][453]LogModuleManager: Shutting down and abandoning module AdvancedPreviewScene (449)
[2020.06.06-09.49.47:866][453]LogModuleManager: Shutting down and abandoning module AnimGraph (447)
[2020.06.06-09.49.47:873][453]LogModuleManager: Shutting down and abandoning module Kismet (444)
[2020.06.06-09.49.47:909][453]LogModuleManager: Shutting down and abandoning module GraphEditor (442)
[2020.06.06-09.49.47:909][453]LogModuleManager: Shutting down and abandoning module ClassViewer (440)
[2020.06.06-09.49.47:909][453]LogModuleManager: Shutting down and abandoning module Toolbox (438)
[2020.06.06-09.49.47:909][453]LogModuleManager: Shutting down and abandoning module ModuleUI (436)
[2020.06.06-09.49.47:909][453]LogModuleManager: Shutting down and abandoning module MovieSceneTools (434)
[2020.06.06-09.49.47:911][453]LogModuleManager: Shutting down and abandoning module OutputLog (432)
[2020.06.06-09.49.47:911][453]LogModuleManager: Shutting down and abandoning module GammaUI (430)
[2020.06.06-09.49.47:911][453]LogModuleManager: Shutting down and abandoning module Documentation (428)
[2020.06.06-09.49.47:912][453]LogModuleManager: Shutting down and abandoning module MovieSceneTracks (426)
[2020.06.06-09.49.47:912][453]LogModuleManager: Shutting down and abandoning module MovieScene (424)
[2020.06.06-09.49.47:923][453]LogModuleManager: Shutting down and abandoning module StreamingPauseRendering (422)
[2020.06.06-09.49.47:924][453]LogModuleManager: Shutting down and abandoning module LauncherPlatform (420)
[2020.06.06-09.49.47:924][453]LogModuleManager: Shutting down and abandoning module AnalyticsET (418)
[2020.06.06-09.49.47:924][453]LogModuleManager: Shutting down and abandoning module PortalServices (416)
[2020.06.06-09.49.47:924][453]LogModuleManager: Shutting down and abandoning module PortalRpc (414)
[2020.06.06-09.49.47:924][453]LogModuleManager: Shutting down and abandoning module MessagingRpc (412)
[2020.06.06-09.49.47:924][453]LogModuleManager: Shutting down and abandoning module AIModule (410)
[2020.06.06-09.49.47:929][453]LogModuleManager: Shutting down and abandoning module GameplayDebugger (409)
[2020.06.06-09.49.47:931][453]LogModuleManager: Shutting down and abandoning module AITestSuite (407)
[2020.06.06-09.49.47:931][453]LogModuleManager: Shutting down and abandoning module NavigationSystem (405)
[2020.06.06-09.49.47:931][453]LogModuleManager: Shutting down and abandoning module DesktopPlatform (402)
[2020.06.06-09.49.47:931][453]LogModuleManager: Shutting down and abandoning module ProfilerService (400)
[2020.06.06-09.49.48:007][453]LogModuleManager: Shutting down and abandoning module TaskGraph (398)
[2020.06.06-09.49.48:007][453]LogModuleManager: Shutting down and abandoning module SteamVRController (396)
[2020.06.06-09.49.48:007][453]LogModuleManager: Shutting down and abandoning module ProceduralMeshComponentEditor (394)
[2020.06.06-09.49.48:007][453]LogModuleManager: Shutting down and abandoning module ProceduralMeshComponent (392)
[2020.06.06-09.49.48:007][453]LogModuleManager: Shutting down and abandoning module OculusInput (390)
[2020.06.06-09.49.48:007][453]LogModuleManager: Shutting down and abandoning module MobilePatchingUtils (388)
[2020.06.06-09.49.48:007][453]LogModuleManager: Shutting down and abandoning module EditableMesh (386)
[2020.06.06-09.49.48:008][453]LogModuleManager: Shutting down and abandoning module CustomMeshComponent (384)
[2020.06.06-09.49.48:008][453]LogModuleManager: Shutting down and abandoning module CableComponent (382)
[2020.06.06-09.49.48:009][453]LogModuleManager: Shutting down and abandoning module AudioCapture (380)
[2020.06.06-09.49.48:009][453]LogModuleManager: Shutting down and abandoning module ArchVisCharacter (378)
[2020.06.06-09.49.48:009][453]LogModuleManager: Shutting down and abandoning module AndroidPermission (376)
[2020.06.06-09.49.48:009][453]LogModuleManager: Shutting down and abandoning module NUTUnrealEngine4 (374)
[2020.06.06-09.49.48:009][453]LogModuleManager: Shutting down and abandoning module NetcodeUnitTest (372)
[2020.06.06-09.49.48:012][453]LogModuleManager: Shutting down and abandoning module MediaCompositingEditor (370)
[2020.06.06-09.49.48:012][453]LogModuleManager: Shutting down and abandoning module MediaCompositing (368)
[2020.06.06-09.49.48:012][453]LogModuleManager: Shutting down and abandoning module LinearTimecode (366)
[2020.06.06-09.49.48:012][453]LogModuleManager: Shutting down and abandoning module ImgMedia (364)
[2020.06.06-09.49.48:025][453]LogModuleManager: Shutting down and abandoning module HTML5Networking (362)
[2020.06.06-09.49.48:025][453]LogModuleManager: Shutting down and abandoning module GeometryCacheTracks (360)
[2020.06.06-09.49.48:025][453]LogModuleManager: Shutting down and abandoning module GeometryCacheSequencer (358)
[2020.06.06-09.49.48:025][453]LogModuleManager: Shutting down and abandoning module BackChannel (356)
[2020.06.06-09.49.48:025][453]LogModuleManager: Shutting down and abandoning module AppleVision (354)
[2020.06.06-09.49.48:025][453]LogModuleManager: Shutting down and abandoning module AppleImageUtils (352)
[2020.06.06-09.49.48:025][453]LogModuleManager: Shutting down and abandoning module AlembicImporter (350)
[2020.06.06-09.49.48:025][453]LogModuleManager: Shutting down and abandoning module AlembicLibrary (349)
[2020.06.06-09.49.48:025][453]LogModuleManager: Shutting down and abandoning module GeometryCache (348)
[2020.06.06-09.49.48:025][453]LogModuleManager: Shutting down and abandoning module GeometryCacheEd (347)
[2020.06.06-09.49.48:025][453]LogModuleManager: Shutting down and abandoning module DatasmithContentEditor (342)
[2020.06.06-09.49.48:026][453]LogModuleManager: Shutting down and abandoning module DatasmithContent (340)
[2020.06.06-09.49.48:027][453]LogModuleManager: Shutting down and abandoning module SpeedTreeImporter (338)
[2020.06.06-09.49.48:027][453]LogModuleManager: Shutting down and abandoning module PluginBrowser (336)
[2020.06.06-09.49.48:029][453]LogModuleManager: Shutting down and abandoning module MobileLauncherProfileWizard (334)
[2020.06.06-09.49.48:029][453]LogModuleManager: Shutting down and abandoning module PolygonModeling (332)
[2020.06.06-09.49.48:029][453]LogModuleManager: Shutting down and abandoning module MeshEditor (330)
[2020.06.06-09.49.48:030][453]LogModuleManager: Shutting down and abandoning module CryptoKeysOpenSSL (328)
[2020.06.06-09.49.48:030][453]LogModuleManager: Shutting down and abandoning module CryptoKeys (326)
[2020.06.06-09.49.48:030][453]LogModuleManager: Shutting down and abandoning module VisualStudioSourceCodeAccess (324)
[2020.06.06-09.49.48:030][453]LogModuleManager: Shutting down and abandoning module VisualStudioCodeSourceCodeAccess (322)
[2020.06.06-09.49.48:030][453]LogModuleManager: Shutting down and abandoning module UObjectPlugin (320)
[2020.06.06-09.49.48:030][453]LogModuleManager: Shutting down and abandoning module SubversionSourceControl (318)
[2020.06.06-09.49.48:031][453]LogModuleManager: Shutting down and abandoning module PerforceSourceControl (316)
[2020.06.06-09.49.48:045][453]LogModuleManager: Shutting down and abandoning module GitSourceControl (314)
[2020.06.06-09.49.48:045][453]LogModuleManager: Shutting down and abandoning module SourceControl (313)
[2020.06.06-09.49.48:059][453]LogModuleManager: Shutting down and abandoning module CLionSourceCodeAccess (310)
[2020.06.06-09.49.48:059][453]LogModuleManager: Shutting down and abandoning module LightPropagationVolumeEditor (308)
[2020.06.06-09.49.48:059][453]LogModuleManager: Shutting down and abandoning module PaperTiledImporter (306)
[2020.06.06-09.49.48:059][453]LogModuleManager: Shutting down and abandoning module PaperSpriteSheetImporter (304)
[2020.06.06-09.49.48:059][453]LogModuleManager: Shutting down and abandoning module Paper2DEditor (302)
[2020.06.06-09.49.48:062][453]LogModuleManager: Shutting down and abandoning module MeshPaint (301)
[2020.06.06-09.49.48:062][453]LogModuleManager: Shutting down and abandoning module RuntimePhysXCooking (298)
[2020.06.06-09.49.48:062][453]LogModuleManager: Shutting down and abandoning module PhysXVehiclesEditor (296)
[2020.06.06-09.49.48:062][453]LogModuleManager: Shutting down and abandoning module PhysXVehicles (294)
[2020.06.06-09.49.48:062][453]LogModuleManager: Shutting down and abandoning module OculusEditor (292)
[2020.06.06-09.49.48:063][453]LogModuleManager: Shutting down and abandoning module LocationServicesBPLibrary (290)
[2020.06.06-09.49.48:063][453]LogModuleManager: Shutting down and abandoning module ImmediatePhysicsEditor (288)
[2020.06.06-09.49.48:063][453]LogModuleManager: Shutting down and abandoning module ImmediatePhysics (286)
[2020.06.06-09.49.48:063][453]LogModuleManager: Shutting down and abandoning module ActorSequence (284)
[2020.06.06-09.49.48:063][453]LogModuleManager: Shutting down and abandoning module UdpMessaging (282)
[2020.06.06-09.49.48:164][453]LogModuleManager: Shutting down and abandoning module TcpMessaging (280)
[2020.06.06-09.49.48:265][453]LogModuleManager: Shutting down and abandoning module MagicLeapAudio (278)
[2020.06.06-09.49.48:265][453]LogModuleManager: Shutting down and abandoning module GameplayTagsEditor (276)
[2020.06.06-09.49.48:265][453]LogModuleManager: Shutting down and abandoning module FacialAnimationEditor (274)
[2020.06.06-09.49.48:265][453]LogModuleManager: Shutting down and abandoning module FacialAnimation (272)
[2020.06.06-09.49.48:265][453]LogModuleManager: Shutting down and abandoning module DataValidation (270)
[2020.06.06-09.49.48:265][453]LogModuleManager: Shutting down and abandoning module AssetManagerEditor (268)
[2020.06.06-09.49.48:314][453]LogModuleManager: Shutting down and abandoning module LevelEditor (267)
[2020.06.06-09.49.48:339][453]LogModuleManager: Shutting down and abandoning module PixelInspectorModule (266)
[2020.06.06-09.49.48:339][453]LogModuleManager: Shutting down and abandoning module CommonMenuExtensions (264)
[2020.06.06-09.49.48:340][453]LogModuleManager: Shutting down and abandoning module MainFrame (262)
[2020.06.06-09.49.48:340][453]LogModuleManager: Shutting down and abandoning module HotReload (261)
[2020.06.06-09.49.48:341][453]LogModuleManager: Shutting down and abandoning module ContentBrowser (257)
[2020.06.06-09.49.48:348][453]LogModuleManager: Shutting down and abandoning module TreeMap (255)
[2020.06.06-09.49.48:349][453]LogModuleManager: Shutting down and abandoning module LightPropagationVolumeRuntime (252)
[2020.06.06-09.49.48:349][453]LogModuleManager: Shutting down and abandoning module AISupportModule (250)
[2020.06.06-09.49.48:349][453]LogModuleManager: Shutting down and abandoning module Paper2D (248)
[2020.06.06-09.49.48:350][453]LogModuleManager: Shutting down and abandoning module WindowsMoviePlayer (246)
[2020.06.06-09.49.48:353][453]LogModuleManager: Shutting down and abandoning module WmfMedia (244)
[2020.06.06-09.49.48:357][453]LogModuleManager: Shutting down and abandoning module Media (243)
[2020.06.06-09.49.48:364][453]LogModuleManager: Shutting down and abandoning module PacketHandler (240)
[2020.06.06-09.49.48:365][453]LogModuleManager: Shutting down and abandoning module ClothingSystemEditor (238)
[2020.06.06-09.49.48:365][453]LogModuleManager: Shutting down and abandoning module ClothingSystemRuntime (236)
[2020.06.06-09.49.48:365][453]LogModuleManager: Shutting down and abandoning module MediaAssets (234)
[2020.06.06-09.49.48:365][453]LogModuleManager: Shutting down and abandoning module Overlay (232)
[2020.06.06-09.49.48:365][453]LogModuleManager: Shutting down and abandoning module OverlayEditor (231)
[2020.06.06-09.49.48:365][453]LogModuleManager: Shutting down and abandoning module VREditor (228)
[2020.06.06-09.49.48:375][453]LogModuleManager: Shutting down and abandoning module StringTableEditor (226)
[2020.06.06-09.49.48:375][453]LogModuleManager: Shutting down and abandoning module GameplayTasksEditor (224)
[2020.06.06-09.49.48:375][453]LogModuleManager: Shutting down and abandoning module BehaviorTreeEditor (222)
[2020.06.06-09.49.48:386][453]LogModuleManager: Shutting down and abandoning module FunctionalTesting (220)
[2020.06.06-09.49.48:386][453]LogModuleManager: Shutting down and abandoning module CollisionAnalyzer (218)
[2020.06.06-09.49.48:386][453]LogModuleManager: Shutting down and abandoning module WorkspaceMenuStructure (217)
[2020.06.06-09.49.48:386][453]LogModuleManager: Shutting down and abandoning module UMG (214)
[2020.06.06-09.49.48:387][453]LogModuleManager: Shutting down and abandoning module UMGEditor (213)
[2020.06.06-09.49.48:425][453]LogModuleManager: Shutting down and abandoning module Sequencer (212)
[2020.06.06-09.49.48:448][453]LogModuleManager: Shutting down and abandoning module MessageLog (209)
[2020.06.06-09.49.48:448][453]LogModuleManager: Shutting down and abandoning module SlateReflector (204)
[2020.06.06-09.49.48:473][453]LogModuleManager: Shutting down and abandoning module Slate (202)
[2020.06.06-09.49.48:474][453]LogModuleManager: Shutting down and abandoning module EditorStyle (200)
[2020.06.06-09.49.48:483][453]LogModuleManager: Shutting down and abandoning module MRMesh (198)
[2020.06.06-09.49.48:483][453]LogModuleManager: Shutting down and abandoning module SourceCodeAccess (196)
[2020.06.06-09.49.48:483][453]LogModuleManager: Shutting down and abandoning module HeadMountedDisplay (194)
[2020.06.06-09.49.48:483][453]LogModuleManager: Shutting down and abandoning module XAudio2 (192)
[2020.06.06-09.49.48:483][453]LogModuleManager: Shutting down and abandoning module Networking (190)
[2020.06.06-09.49.48:484][453]LogModuleManager: Shutting down and abandoning module Core (188)
[2020.06.06-09.49.48:484][453]LogModuleManager: Shutting down and abandoning module LevelSequence (186)
[2020.06.06-09.49.48:484][453]LogModuleManager: Shutting down and abandoning module KismetCompiler (184)
[2020.06.06-09.49.48:484][453]LogModuleManager: Shutting down and abandoning module MeshUtilities (182)
[2020.06.06-09.49.48:486][453]LogModuleManager: Shutting down and abandoning module MeshMergeUtilities (181)
[2020.06.06-09.49.48:486][453]LogModuleManager: Shutting down and abandoning module MeshReductionInterface (180)
[2020.06.06-09.49.48:486][453]LogModuleManager: Shutting down and abandoning module SimplygonSwarm (179)
[2020.06.06-09.49.48:486][453]LogModuleManager: Shutting down and abandoning module ProxyLODMeshReduction (177)
[2020.06.06-09.49.48:488][453]LogModuleManager: Shutting down and abandoning module SimplygonMeshReduction (175)
[2020.06.06-09.49.48:488][453]LogModuleManager: Shutting down and abandoning module QuadricMeshReduction (173)
[2020.06.06-09.49.48:488][453]LogModuleManager: Shutting down and abandoning module MaterialBaking (169)
[2020.06.06-09.49.48:489][453]LogModuleManager: Shutting down and abandoning module DirectoryWatcher (165)
[2020.06.06-09.49.48:491][453]LogModuleManager: Shutting down and abandoning module DerivedDataCache (162)
[2020.06.06-09.49.48:585][453]LogDerivedDataCache: Shutdown
[2020.06.06-09.49.48:585][453]LogModuleManager: Shutting down and abandoning module XGEController (160)
[2020.06.06-09.49.48:586][453]LogXGEController: Cleaning working directory: C:/Users/Aleks/AppData/Local/Temp/UnrealXGEWorkingDir/
[2020.06.06-09.49.48:586][453]LogModuleManager: Shutting down and abandoning module TargetPlatform (158)
[2020.06.06-09.49.48:587][453]LogModuleManager: Shutting down and abandoning module VulkanShaderFormat (157)
[2020.06.06-09.49.48:587][453]LogModuleManager: Shutting down and abandoning module ShaderFormatVectorVM (155)
[2020.06.06-09.49.48:587][453]LogModuleManager: Shutting down and abandoning module ShaderFormatOpenGL (153)
[2020.06.06-09.49.48:587][453]LogModuleManager: Shutting down and abandoning module ShaderFormatD3D (151)
[2020.06.06-09.49.48:588][453]LogModuleManager: Shutting down and abandoning module MetalShaderFormat (149)
[2020.06.06-09.49.48:588][453]LogModuleManager: Shutting down and abandoning module TextureFormatUncompressed (147)
[2020.06.06-09.49.48:588][453]LogModuleManager: Shutting down and abandoning module TextureFormatPVR (145)
[2020.06.06-09.49.48:588][453]LogModuleManager: Shutting down and abandoning module TextureFormatDXT (143)
[2020.06.06-09.49.48:588][453]LogModuleManager: Shutting down and abandoning module TextureFormatIntelISPCTexComp (141)
[2020.06.06-09.49.48:589][453]LogModuleManager: Shutting down and abandoning module TextureFormatASTC (139)
[2020.06.06-09.49.48:589][453]LogModuleManager: Shutting down and abandoning module ImageWrapper (138)
[2020.06.06-09.49.48:589][453]LogModuleManager: Shutting down and abandoning module TextureFormatAndroid (135)
[2020.06.06-09.49.48:589][453]LogModuleManager: Shutting down and abandoning module AudioFormatOpus (133)
[2020.06.06-09.49.48:590][453]LogModuleManager: Shutting down and abandoning module AudioFormatOgg (131)
[2020.06.06-09.49.48:590][453]LogModuleManager: Shutting down and abandoning module AudioFormatADPCM (129)
[2020.06.06-09.49.48:590][453]LogModuleManager: Shutting down and abandoning module LuminTargetPlatform (127)
[2020.06.06-09.49.48:590][453]LogModuleManager: Shutting down and abandoning module LinuxTargetPlatform (125)
[2020.06.06-09.49.48:590][453]LogModuleManager: Shutting down and abandoning module LinuxServerTargetPlatform (123)
[2020.06.06-09.49.48:591][453]LogModuleManager: Shutting down and abandoning module LinuxNoEditorTargetPlatform (121)
[2020.06.06-09.49.48:591][453]LogModuleManager: Shutting down and abandoning module LinuxClientTargetPlatform (119)
[2020.06.06-09.49.48:591][453]LogModuleManager: Shutting down and abandoning module TVOSTargetPlatform (117)
[2020.06.06-09.49.48:610][453]LogModuleManager: Shutting down and abandoning module Messaging (115)
[2020.06.06-09.49.48:610][453]LogModuleManager: Shutting down and abandoning module IOSTargetPlatform (113)
[2020.06.06-09.49.48:626][453]LogModuleManager: Shutting down and abandoning module HTML5TargetPlatform (111)
[2020.06.06-09.49.48:626][453]LogModuleManager: Shutting down and abandoning module AndroidTargetPlatform (109)
[2020.06.06-09.49.48:723][453]LogModuleManager: Shutting down and abandoning module WindowsTargetPlatform (107)
[2020.06.06-09.49.48:723][453]LogModuleManager: Shutting down and abandoning module WindowsServerTargetPlatform (105)
[2020.06.06-09.49.48:723][453]LogModuleManager: Shutting down and abandoning module WindowsNoEditorTargetPlatform (103)
[2020.06.06-09.49.48:723][453]LogModuleManager: Shutting down and abandoning module WindowsClientTargetPlatform (101)
[2020.06.06-09.49.48:724][453]LogModuleManager: Shutting down and abandoning module MacTargetPlatform (99)
[2020.06.06-09.49.48:724][453]LogModuleManager: Shutting down and abandoning module MacServerTargetPlatform (97)
[2020.06.06-09.49.48:724][453]LogModuleManager: Shutting down and abandoning module MacNoEditorTargetPlatform (95)
[2020.06.06-09.49.48:724][453]LogModuleManager: Shutting down and abandoning module MacClientTargetPlatform (93)
[2020.06.06-09.49.48:724][453]LogModuleManager: Shutting down and abandoning module AllDesktopTargetPlatform (91)
[2020.06.06-09.49.48:724][453]LogModuleManager: Shutting down and abandoning module InputCore (88)
[2020.06.06-09.49.48:724][453]LogModuleManager: Shutting down and abandoning module Settings (86)
[2020.06.06-09.49.48:724][453]LogModuleManager: Shutting down and abandoning module PhysXCooking (84)
[2020.06.06-09.49.48:724][453]LogModuleManager: Shutting down and abandoning module SteamVR (82)
[2020.06.06-09.49.48:724][453]LogModuleManager: Shutting down and abandoning module OculusHMD (80)
[2020.06.06-09.49.48:724][453]LogModuleManager: Shutting down and abandoning module ExampleDeviceProfileSelector (78)
[2020.06.06-09.49.48:724][453]LogModuleManager: Shutting down and abandoning module LauncherChunkInstaller (76)
[2020.06.06-09.49.48:724][453]LogModuleManager: Shutting down and abandoning module OnlineBlueprintSupport (74)
[2020.06.06-09.49.48:724][453]LogModuleManager: Shutting down and abandoning module OnlineSubsystem (70)
[2020.06.06-09.49.48:739][453]LogModuleManager: Shutting down and abandoning module XMPP (65)
[2020.06.06-09.49.48:755][453]LogModuleManager: Shutting down and abandoning module WebSockets (64)
[2020.06.06-09.49.48:788][453]LogModuleManager: Shutting down and abandoning module HTTP (61)
[2020.06.06-09.49.48:788][453]LogHttp: Display: Http module shutting down, but needs to wait on 1 outstanding Http requests:
[2020.06.06-09.49.48:788][453]LogHttp: Display: 	verb=[POST] url=[https://datarouter.ol.epicgames.com/datarouter/api/v1/public/data?SessionID=%7B397DB338-4376-134D-6BB5-4598E8B0720F%7D&AppID=UEEditor.Rocket.Release&AppVersion=4.20.3-4369336%2B%2B%2BUE4%2BRelease-4.20&UserID=690fa309472e4f0b8e580bb882b3695f%7Ca945e6a91e9e4c7688433fa9731885df%7C71bf6c6d-b959-40ab-b61c-422ecceb12e5&AppEnvironment=datacollector-binary&UploadType=eteventstream] status=Processing
[2020.06.06-09.49.48:821][453]LogModuleManager: Shutting down and abandoning module SSL (60)
[2020.06.06-09.49.48:837][453]LogModuleManager: Shutting down and abandoning module MagicLeapEmulator (56)
[2020.06.06-09.49.48:837][453]LogModuleManager: Shutting down and abandoning module MagicLeapPrivileges (54)
[2020.06.06-09.49.48:837][453]LogModuleManager: Shutting down and abandoning module MagicLeapIdentity (52)
[2020.06.06-09.49.48:837][453]LogModuleManager: Shutting down and abandoning module MagicLeapHelperVulkan (50)
[2020.06.06-09.49.48:837][453]LogModuleManager: Shutting down and abandoning module MagicLeapHelperOpenGL (48)
[2020.06.06-09.49.48:837][453]LogModuleManager: Shutting down and abandoning module MagicLeapSecureStorage (46)
[2020.06.06-09.49.48:838][453]LogModuleManager: Shutting down and abandoning module MagicLeapGestures (44)
[2020.06.06-09.49.48:838][453]LogModuleManager: Shutting down and abandoning module MagicLeapEyeTracker (42)
[2020.06.06-09.49.48:838][453]LogModuleManager: Shutting down and abandoning module MagicLeapController (40)
[2020.06.06-09.49.48:845][453]LogSlate: Slate User Destroyed.  User Index 0, Is Virtual User: 0
[2020.06.06-09.49.48:845][453]LogModuleManager: Shutting down and abandoning module MagicLeap (38)
[2020.06.06-09.49.48:846][453]LogModuleManager: Shutting down and abandoning module AnimationModifiers (36)
[2020.06.06-09.49.48:846][453]LogModuleManager: Shutting down and abandoning module PropertyEditor (35)
[2020.06.06-09.49.48:846][453]LogModuleManager: Shutting down and abandoning module AudioEditor (32)
[2020.06.06-09.49.48:851][453]LogModuleManager: Shutting down and abandoning module TextureCompressor (30)
[2020.06.06-09.49.48:852][453]LogModuleManager: Shutting down and abandoning module ShaderCore (28)
[2020.06.06-09.49.48:852][453]LogModuleManager: Shutting down and abandoning module Landscape (26)
[2020.06.06-09.49.48:852][453]LogModuleManager: Shutting down and abandoning module SlateRHIRenderer (24)
[2020.06.06-09.49.48:873][453]LogModuleManager: Shutting down and abandoning module OpenGLDrv (22)
[2020.06.06-09.49.48:880][453]LogModuleManager: Shutting down and abandoning module D3D11RHI (20)
[2020.06.06-09.49.48:880][453]LogModuleManager: Shutting down and abandoning module AnimGraphRuntime (18)
[2020.06.06-09.49.48:881][453]LogModuleManager: Shutting down and abandoning module Renderer (16)
[2020.06.06-09.49.48:881][453]LogModuleManager: Shutting down and abandoning module Engine (14)
[2020.06.06-09.49.48:881][453]LogModuleManager: Shutting down and abandoning module CoreUObject (12)
[2020.06.06-09.49.48:881][453]LogModuleManager: Shutting down and abandoning module NetworkFile (10)
[2020.06.06-09.49.48:882][453]LogModuleManager: Shutting down and abandoning module CookedIterativeFile (8)
[2020.06.06-09.49.48:882][453]LogModuleManager: Shutting down and abandoning module StreamingFile (6)
[2020.06.06-09.49.48:883][453]LogModuleManager: Shutting down and abandoning module SandboxFile (4)
[2020.06.06-09.49.48:883][453]LogModuleManager: Shutting down and abandoning module PakFile (2)
[2020.06.06-09.49.48:917][453]LogExit: Exiting.
[2020.06.06-09.49.48:946][453]Log file closed, 06/06/20 11:49:48
